18:30:03.574 [DEBUG] [Preparing][main][c.d.cover.ui.a.w] Client heap size: 4064 MB
18:30:03.587 [INFO]  [Preparing][main][c.d.cover.ui.a.w] Diffblue Cover 2023.11.01-fe2f45b-licensed
18:30:03.588 [INFO]  [Preparing][main][c.d.cover.ui.a.w] Running: dcover refactor
18:30:03.589 [INFO]  [Preparing][main][c.d.cover.ui.a.y] 
18:30:03.589 [INFO]  [Preparing][main][c.d.cover.ui.a.y] Command: refactor
18:30:03.590 [INFO]  [Preparing][main][c.d.cover.ui.a.y] Apply refactorings.
18:30:03.591 [INFO]  [Preparing][main][c.d.cover.ui.a.y] 
18:30:03.849 [DEBUG] [Checking][main][c.d.c.c.m.c] Processing rule r
18:30:03.850 [DEBUG] [Checking][main][c.d.c.c.m.c] Processing rule a
18:30:03.851 [DEBUG] [Checking][main][c.d.c.c.m.c] Processing rule CommonOptionsDetector
18:30:03.851 [DEBUG] [Checking][main][c.d.c.c.m.c]   Rule fired
18:30:03.853 [DEBUG] [Checking][main][c.d.c.c.m.c] Processing rule CommonOptionsDetector took 1ms
18:30:03.853 [DEBUG] [Checking][main][c.d.c.c.m.c] Processing rule a
18:30:03.853 [DEBUG] [Checking][main][c.d.c.c.m.c] Processing rule c
18:30:03.853 [DEBUG] [Checking][main][c.d.c.c.m.c] Processing rule f
18:30:03.853 [DEBUG] [Checking][main][c.d.c.c.m.c] Processing rule s
18:30:03.853 [DEBUG] [Checking][main][c.d.c.c.m.c]   Rule fired
18:30:03.864 [INFO]  [Checking][main][c.d.cover.ui.a.v] Detected Java version 17.0.8
18:30:03.865 [DEBUG] [Checking][main][c.d.c.c.m.c] Processing rule s took 11ms
18:30:03.865 [DEBUG] [Checking][main][c.d.c.c.m.c] Processing rule f
18:30:03.865 [DEBUG] [Checking][main][c.d.c.c.m.c]   Rule fired
18:30:03.866 [DEBUG] [Checking][main][c.d.c.c.m.c] Processing rule f took 1ms
18:30:03.866 [DEBUG] [Checking][main][c.d.c.c.m.c] Processing rule BuildSystemOptionsDetector
18:30:03.866 [DEBUG] [Checking][main][c.d.c.c.m.c]   Rule fired
18:30:03.867 [DEBUG] [Checking][main][c.d.c.c.m.c]   Error provided for SPECIFIED_BUILD_SYSTEM_CONFIG_FILE: Not Supplied
18:30:03.867 [DEBUG] [Checking][main][c.d.c.c.m.c]   Error provided for SPECIFIED_CLASSPATH: Not Supplied
18:30:03.868 [DEBUG] [Checking][main][c.d.c.c.m.c]   Error provided for SPECIFIED_BUILD_PATH: Not Supplied
18:30:03.868 [DEBUG] [Checking][main][c.d.c.c.m.c]   Error provided for SPECIFIED_COMPLIANCE_LEVEL: Not Supplied
18:30:03.868 [DEBUG] [Checking][main][c.d.c.c.m.c] Processing rule BuildSystemOptionsDetector took 1ms
18:30:03.868 [DEBUG] [Checking][main][c.d.c.c.m.c] Processing rule c
18:30:03.868 [DEBUG] [Checking][main][c.d.c.c.m.c]   Rule fired
18:30:03.898 [INFO]  [Checking][main][c.d.d.d.b] Maven Using ${maven.home} of: C:\Users\eloma\IdeaProjects\ObservatoireUIZ.
18:30:03.903 [INFO]  [Checking][main][c.d.d.d.b] Maven Executing: cmd.exe /X /C "C:\Users\eloma\IdeaProjects\ObservatoireUIZ\mvnw.cmd -B -version"
18:30:03.954 [INFO]  [Checking][main][c.d.d.c.a] Standard output of build tool (Maven)
18:30:03.954 [INFO]  [Checking][main][c.d.d.c.a] > 
18:30:03.954 [INFO]  [Checking][main][c.d.d.c.a] > 
18:30:03.954 [INFO]  [Checking][main][c.d.d.c.a] Standard error of build tool (Maven)
18:30:03.955 [INFO]  [Checking][main][c.d.d.c.a] > Error: JAVA_HOME not found in your environment. 
18:30:03.955 [INFO]  [Checking][main][c.d.d.c.a] > Please set the JAVA_HOME variable in your environment to match the 
18:30:03.955 [INFO]  [Checking][main][c.d.d.c.a] > location of your Java installation. 
18:30:03.955 [INFO]  [Checking][main][c.d.d.d.b] Maven command Using ${maven.home} of: 'C:\Users\eloma\IdeaProjects\ObservatoireUIZ'.
18:30:03.955 [INFO]  [Checking][main][c.d.d.d.b] Maven command Executing: cmd.exe /X /C "C:\Users\eloma\IdeaProjects\ObservatoireUIZ\mvnw.cmd -B -version"
18:30:04.003 [INFO]  [Checking][main][c.d.d.d.b] Maven Using ${maven.home} of: C:\Users\eloma\IdeaProjects\ObservatoireUIZ.
18:30:04.004 [INFO]  [Checking][main][c.d.d.d.b] Maven Executing: cmd.exe /X /C "C:\Users\eloma\IdeaProjects\ObservatoireUIZ\mvnw.cmd -B -N -D output=diffblue.effective-pom.output.xml -D "maven.ext.class.path=C:\Program Files\Diffblue\cover-buildsystem-maven-spy-jar-with-dependencies.jar" org.apache.maven.plugins:maven-help-plugin:3.2.0:effective-pom"
18:30:05.948 [INFO]  [Checking][main][c.d.d.c.a] Standard output of build tool (Maven)
18:30:05.948 [INFO]  [Checking][main][c.d.d.c.a] > [INFO] Scanning for projects...
18:30:05.948 [INFO]  [Checking][main][c.d.d.c.a] > [INFO] 
18:30:05.948 [INFO]  [Checking][main][c.d.d.c.a] > [INFO] -----------------------< ma.uiz:ObservatoireUIZ >-----------------------
18:30:05.948 [INFO]  [Checking][main][c.d.d.c.a] > [INFO] Building ObservatoireUIZ 0.0.1-SNAPSHOT
18:30:05.948 [INFO]  [Checking][main][c.d.d.c.a] > [INFO] --------------------------------[ jar ]---------------------------------
18:30:05.948 [INFO]  [Checking][main][c.d.d.c.a] > [DIFFBLUE]DefaultEvent{projectId='ma.uiz:ObservatoireUIZ:jar:0.0.1-SNAPSHOT', goal='effective-pom', cause=, state=STARTED}
18:30:05.948 [INFO]  [Checking][main][c.d.d.c.a] > [INFO] 
18:30:05.948 [INFO]  [Checking][main][c.d.d.c.a] > [INFO] --- maven-help-plugin:3.2.0:effective-pom (default-cli) @ ObservatoireUIZ ---
18:30:05.948 [INFO]  [Checking][main][c.d.d.c.a] > [INFO] Effective-POM written to: C:\Users\eloma\IdeaProjects\ObservatoireUIZ\diffblue.effective-pom.output.xml
18:30:05.948 [INFO]  [Checking][main][c.d.d.c.a] > [DIFFBLUE]DefaultEvent{projectId='ma.uiz:ObservatoireUIZ:jar:0.0.1-SNAPSHOT', goal='effective-pom', cause=, state=SUCCESS}
18:30:05.949 [INFO]  [Checking][main][c.d.d.c.a] > [INFO] ------------------------------------------------------------------------
18:30:05.949 [INFO]  [Checking][main][c.d.d.c.a] > [INFO] BUILD SUCCESS
18:30:05.949 [INFO]  [Checking][main][c.d.d.c.a] > [INFO] ------------------------------------------------------------------------
18:30:05.949 [INFO]  [Checking][main][c.d.d.c.a] > [INFO] Total time:  0.961 s
18:30:05.949 [INFO]  [Checking][main][c.d.d.c.a] > [INFO] Finished at: 2023-11-19T18:30:05+01:00
18:30:05.949 [INFO]  [Checking][main][c.d.d.c.a] > [INFO] ------------------------------------------------------------------------
18:30:06.144 [INFO]  [Checking][main][c.d.cover.ui.a.v] Detected build system: Maven
18:30:06.144 [DEBUG] [Checking][main][c.d.c.c.m.c] Processing rule c took 2276ms
18:30:06.144 [DEBUG] [Checking][main][c.d.c.c.m.c] Processing rule b
18:30:06.144 [DEBUG] [Checking][main][c.d.c.c.m.c]   Rule fired
18:30:06.149 [DEBUG] [Checking][main][c.d.c.c.m.c]   Error provided for DETECTED_BUILD_SYSTEM_GRADLE: Not Detected
18:30:06.149 [DEBUG] [Checking][main][c.d.c.c.m.c] Processing rule b took 5ms
18:30:06.149 [DEBUG] [Checking][main][c.d.c.c.m.c] Processing rule aj
18:30:06.149 [DEBUG] [Checking][main][c.d.c.c.m.c]   Rule fired
18:30:06.153 [INFO]  [Checking][main][c.d.cover.m.a.aj] Operating System: Windows 11 amd64 10.0
18:30:06.153 [INFO]  [Checking][main][c.d.cover.m.a.aj] Default charset: windows-1252
18:30:06.153 [INFO]  [Checking][main][c.d.cover.m.a.aj] Default locale: en_US
18:30:06.157 [INFO]  [Checking][main][c.d.cover.m.a.aj] Default time zone: Africa/Casablanca
18:30:06.157 [DEBUG] [Checking][main][c.d.c.c.m.c]   Error provided for DETECTED_ENVIRONMENT_CLASSPATH: Not Supplied
18:30:06.157 [DEBUG] [Checking][main][c.d.c.c.m.c] Processing rule aj took 7ms
18:30:06.157 [DEBUG] [Checking][main][c.d.c.c.m.c] Processing rule a
18:30:06.157 [DEBUG] [Checking][main][c.d.c.c.m.c]   Rule fired
18:30:06.161 [INFO]  [Checking][main][c.d.cover.ui.a.v] Selected build system: Maven
18:30:06.162 [DEBUG] [Checking][main][c.d.c.c.m.c]   Error provided for SELECTED_BUILD_SYSTEM_VERSION: Not Detected
18:30:06.162 [DEBUG] [Checking][main][c.d.c.c.m.c] Processing rule a took 4ms
18:30:06.162 [DEBUG] [Checking][main][c.d.c.c.m.c] Processing rule a
18:30:06.162 [DEBUG] [Checking][main][c.d.c.c.m.c]   Rule fired
18:30:06.162 [DEBUG] [Checking][main][c.d.c.c.m.c] Processing rule a took 0ms
18:30:06.162 [DEBUG] [Checking][main][c.d.c.c.m.c] Processing rule b
18:30:06.162 [DEBUG] [Checking][main][c.d.c.c.m.c]   Rule fired
18:30:06.163 [INFO]  [Checking][main][c.d.d.d.b] Maven Using ${maven.home} of: C:\Users\eloma\IdeaProjects\ObservatoireUIZ.
18:30:06.164 [INFO]  [Checking][main][c.d.d.d.b] Maven Executing: cmd.exe /X /C "C:\Users\eloma\IdeaProjects\ObservatoireUIZ\mvnw.cmd -B -D output=C:\Users\eloma\AppData\Local\Temp\build.classpath2706138999582091016.tmp -D expression=build.classpath -D mdep.pathSeparator=#SEP# -D includeScope=test -D mdep.outputProperty=build.classpath -D "maven.ext.class.path=C:\Program Files\Diffblue\cover-buildsystem-maven-spy-jar-with-dependencies.jar" org.apache.maven.plugins:maven-dependency-plugin:3.3.0:build-classpath org.apache.maven.plugins:maven-help-plugin:3.2.0:evaluate"
18:30:09.102 [INFO]  [Checking][main][c.d.d.c.a] Standard output of build tool (Maven)
18:30:09.102 [INFO]  [Checking][main][c.d.d.c.a] > [INFO] Scanning for projects...
18:30:09.102 [INFO]  [Checking][main][c.d.d.c.a] > [INFO] 
18:30:09.103 [INFO]  [Checking][main][c.d.d.c.a] > [INFO] -----------------------< ma.uiz:ObservatoireUIZ >-----------------------
18:30:09.103 [INFO]  [Checking][main][c.d.d.c.a] > [INFO] Building ObservatoireUIZ 0.0.1-SNAPSHOT
18:30:09.103 [INFO]  [Checking][main][c.d.d.c.a] > [INFO] --------------------------------[ jar ]---------------------------------
18:30:09.103 [INFO]  [Checking][main][c.d.d.c.a] > [DIFFBLUE]DefaultEvent{projectId='ma.uiz:ObservatoireUIZ:jar:0.0.1-SNAPSHOT', goal='build-classpath', cause=, state=STARTED}
18:30:09.103 [INFO]  [Checking][main][c.d.d.c.a] > [INFO] 
18:30:09.103 [INFO]  [Checking][main][c.d.d.c.a] > [INFO] --- maven-dependency-plugin:3.3.0:build-classpath (default-cli) @ ObservatoireUIZ ---
18:30:09.103 [INFO]  [Checking][main][c.d.d.c.a] > [INFO] Dependencies classpath:
18:30:09.103 [INFO]  [Checking][main][c.d.d.c.a] > C:\Users\eloma\.m2\repository\org\springframework\boot\spring-boot-starter\3.0.3\spring-boot-starter-3.0.3.jar#SEP#C:\Users\eloma\.m2\repository\org\springframework\boot\spring-boot\3.0.3\spring-boot-3.0.3.jar#SEP#C:\Users\eloma\.m2\repository\org\springframework\boot\spring-boot-autoconfigure\3.0.3\spring-boot-autoconfigure-3.0.3.jar#SEP#C:\Users\eloma\.m2\repository\org\springframework\boot\spring-boot-starter-logging\3.0.3\spring-boot-starter-logging-3.0.3.jar#SEP#C:\Users\eloma\.m2\repository\ch\qos\logback\logback-classic\1.4.5\logback-classic-1.4.5.jar#SEP#C:\Users\eloma\.m2\repository\ch\qos\logback\logback-core\1.4.5\logback-core-1.4.5.jar#SEP#C:\Users\eloma\.m2\repository\org\apache\logging\log4j\log4j-to-slf4j\2.19.0\log4j-to-slf4j-2.19.0.jar#SEP#C:\Users\eloma\.m2\repository\org\apache\logging\log4j\log4j-api\2.19.0\log4j-api-2.19.0.jar#SEP#C:\Users\eloma\.m2\repository\org\slf4j\jul-to-slf4j\2.0.6\jul-to-slf4j-2.0.6.jar#SEP#C:\Users\eloma\.m2\repository\jakarta\annotation\jakarta.annotation-api\2.1.1\jakarta.annotation-api-2.1.1.jar#SEP#C:\Users\eloma\.m2\repository\org\springframework\spring-core\6.0.5\spring-core-6.0.5.jar#SEP#C:\Users\eloma\.m2\repository\org\springframework\spring-jcl\6.0.5\spring-jcl-6.0.5.jar#SEP#C:\Users\eloma\.m2\repository\org\yaml\snakeyaml\1.33\snakeyaml-1.33.jar#SEP#C:\Users\eloma\.m2\repository\org\springframework\boot\spring-boot-starter-web\3.0.3\spring-boot-starter-web-3.0.3.jar#SEP#C:\Users\eloma\.m2\repository\org\springframework\boot\spring-boot-starter-json\3.0.3\spring-boot-starter-json-3.0.3.jar#SEP#C:\Users\eloma\.m2\repository\com\fasterxml\jackson\datatype\jackson-datatype-jdk8\2.14.2\jackson-datatype-jdk8-2.14.2.jar#SEP#C:\Users\eloma\.m2\repository\com\fasterxml\jackson\datatype\jackson-datatype-jsr310\2.14.2\jackson-datatype-jsr310-2.14.2.jar#SEP#C:\Users\eloma\.m2\repository\com\fasterxml\jackson\module\jackson-module-parameter-names\2.14.2\jackson-module-parameter-names-2.14.2.jar#SEP#C:\Users\eloma\.m2\repository\org\springframework\boot\spring-boot-starter-tomcat\3.0.3\spring-boot-starter-tomcat-3.0.3.jar#SEP#C:\Users\eloma\.m2\repository\org\apache\tomcat\embed\tomcat-embed-core\10.1.5\tomcat-embed-core-10.1.5.jar#SEP#C:\Users\eloma\.m2\repository\org\apache\tomcat\embed\tomcat-embed-websocket\10.1.5\tomcat-embed-websocket-10.1.5.jar#SEP#C:\Users\eloma\.m2\repository\org\springframework\spring-web\6.0.5\spring-web-6.0.5.jar#SEP#C:\Users\eloma\.m2\repository\io\micrometer\micrometer-observation\1.10.4\micrometer-observation-1.10.4.jar#SEP#C:\Users\eloma\.m2\repository\io\micrometer\micrometer-commons\1.10.4\micrometer-commons-1.10.4.jar#SEP#C:\Users\eloma\.m2\repository\org\springframework\spring-webmvc\6.0.5\spring-webmvc-6.0.5.jar#SEP#C:\Users\eloma\.m2\repository\org\springframework\spring-expression\6.0.5\spring-expression-6.0.5.jar#SEP#C:\Users\eloma\.m2\repository\org\springframework\boot\spring-boot-starter-thymeleaf\3.0.3\spring-boot-starter-thymeleaf-3.0.3.jar#SEP#C:\Users\eloma\.m2\repository\org\thymeleaf\thymeleaf-spring6\3.1.1.RELEASE\thymeleaf-spring6-3.1.1.RELEASE.jar#SEP#C:\Users\eloma\.m2\repository\org\thymeleaf\thymeleaf\3.1.1.RELEASE\thymeleaf-3.1.1.RELEASE.jar#SEP#C:\Users\eloma\.m2\repository\org\attoparser\attoparser\2.0.6.RELEASE\attoparser-2.0.6.RELEASE.jar#SEP#C:\Users\eloma\.m2\repository\org\unbescape\unbescape\1.1.6.RELEASE\unbescape-1.1.6.RELEASE.jar#SEP#C:\Users\eloma\.m2\repository\org\thymeleaf\extras\thymeleaf-extras-springsecurity6\3.1.1.RELEASE\thymeleaf-extras-springsecurity6-3.1.1.RELEASE.jar#SEP#C:\Users\eloma\.m2\repository\org\slf4j\slf4j-api\2.0.6\slf4j-api-2.0.6.jar#SEP#C:\Users\eloma\.m2\repository\org\springframework\boot\spring-boot-devtools\3.0.3\spring-boot-devtools-3.0.3.jar#SEP#C:\Users\eloma\.m2\repository\org\projectlombok\lombok\1.18.26\lombok-1.18.26.jar#SEP#C:\Users\eloma\.m2\repository\org\springframework\boot\spring-boot-starter-validation\3.0.3\spring-boot-starter-validation-3.0.3.jar#SEP#C:\Users\eloma\.m2\repository\org\apache\tomcat\embed\tomcat-embed-el\10.1.5\tomcat-embed-el-10.1.5.jar#SEP#C:\Users\eloma\.m2\repository\org\hibernate\validator\hibernate-validator\8.0.0.Final\hibernate-validator-8.0.0.Final.jar#SEP#C:\Users\eloma\.m2\repository\jakarta\validation\jakarta.validation-api\3.0.2\jakarta.validation-api-3.0.2.jar#SEP#C:\Users\eloma\.m2\repository\org\springframework\boot\spring-boot-starter-security\3.0.3\spring-boot-starter-security-3.0.3.jar#SEP#C:\Users\eloma\.m2\repository\org\springframework\spring-aop\6.0.5\spring-aop-6.0.5.jar#SEP#C:\Users\eloma\.m2\repository\org\springframework\security\spring-security-config\6.0.2\spring-security-config-6.0.2.jar#SEP#C:\Users\eloma\.m2\repository\org\springframework\security\spring-security-core\6.0.2\spring-security-core-6.0.2.jar#SEP#C:\Users\eloma\.m2\repository\org\springframework\security\spring-security-crypto\6.0.2\spring-security-crypto-6.0.2.jar#SEP#C:\Users\eloma\.m2\repository\org\springframework\security\spring-security-web\6.0.2\spring-security-web-6.0.2.jar#SEP#C:\Users\eloma\.m2\repository\org\springframework\boot\spring-boot-starter-aop\3.0.3\spring-boot-starter-aop-3.0.3.jar#SEP#C:\Users\eloma\.m2\repository\org\aspectj\aspectjweaver\1.9.19\aspectjweaver-1.9.19.jar#SEP#C:\Users\eloma\.m2\repository\org\springframework\boot\spring-boot-starter-jdbc\3.0.3\spring-boot-starter-jdbc-3.0.3.jar#SEP#C:\Users\eloma\.m2\repository\com\zaxxer\HikariCP\5.0.1\HikariCP-5.0.1.jar#SEP#C:\Users\eloma\.m2\repository\org\springframework\spring-jdbc\6.0.5\spring-jdbc-6.0.5.jar#SEP#C:\Users\eloma\.m2\repository\org\hibernate\orm\hibernate-core\6.2.1.Final\hibernate-core-6.2.1.Final.jar#SEP#C:\Users\eloma\.m2\repository\jakarta\persistence\jakarta.persistence-api\3.1.0\jakarta.persistence-api-3.1.0.jar#SEP#C:\Users\eloma\.m2\repository\jakarta\transaction\jakarta.transaction-api\2.0.1\jakarta.transaction-api-2.0.1.jar#SEP#C:\Users\eloma\.m2\repository\org\jboss\logging\jboss-logging\3.5.0.Final\jboss-logging-3.5.0.Final.jar#SEP#C:\Users\eloma\.m2\repository\org\hibernate\common\hibernate-commons-annotations\6.0.6.Final\hibernate-commons-annotations-6.0.6.Final.jar#SEP#C:\Users\eloma\.m2\repository\io\smallrye\jandex\3.0.5\jandex-3.0.5.jar#SEP#C:\Users\eloma\.m2\repository\com\fasterxml\classmate\1.5.1\classmate-1.5.1.jar#SEP#C:\Users\eloma\.m2\repository\net\bytebuddy\byte-buddy\1.12.23\byte-buddy-1.12.23.jar#SEP#C:\Users\eloma\.m2\repository\jakarta\xml\bind\jakarta.xml.bind-api\4.0.0\jakarta.xml.bind-api-4.0.0.jar#SEP#C:\Users\eloma\.m2\repository\jakarta\activation\jakarta.activation-api\2.1.1\jakarta.activation-api-2.1.1.jar#SEP#C:\Users\eloma\.m2\repository\org\glassfish\jaxb\jaxb-runtime\4.0.2\jaxb-runtime-4.0.2.jar#SEP#C:\Users\eloma\.m2\repository\org\glassfish\jaxb\jaxb-core\4.0.2\jaxb-core-4.0.2.jar#SEP#C:\Users\eloma\.m2\repository\org\eclipse\angus\angus-activation\2.0.0\angus-activation-2.0.0.jar#SEP#C:\Users\eloma\.m2\repository\org\glassfish\jaxb\txw2\4.0.2\txw2-4.0.2.jar#SEP#C:\Users\eloma\.m2\repository\com\sun\istack\istack-commons-runtime\4.1.1\istack-commons-runtime-4.1.1.jar#SEP#C:\Users\eloma\.m2\repository\jakarta\inject\jakarta.inject-api\2.0.1\jakarta.inject-api-2.0.1.jar#SEP#C:\Users\eloma\.m2\repository\org\antlr\antlr4-runtime\4.10.1\antlr4-runtime-4.10.1.jar#SEP#C:\Users\eloma\.m2\repository\org\springframework\data\spring-data-jpa\3.0.2\spring-data-jpa-3.0.2.jar#SEP#C:\Users\eloma\.m2\repository\org\springframework\data\spring-data-commons\3.0.2\spring-data-commons-3.0.2.jar#SEP#C:\Users\eloma\.m2\repository\org\springframework\spring-orm\6.0.5\spring-orm-6.0.5.jar#SEP#C:\Users\eloma\.m2\repository\org\springframework\spring-context\6.0.5\spring-context-6.0.5.jar#SEP#C:\Users\eloma\.m2\repository\org\springframework\spring-tx\6.0.5\spring-tx-6.0.5.jar#SEP#C:\Users\eloma\.m2\repository\org\springframework\spring-beans\6.0.5\spring-beans-6.0.5.jar#SEP#C:\Users\eloma\.m2\repository\org\springframework\spring-aspects\6.0.5\spring-aspects-6.0.5.jar#SEP#C:\Users\eloma\.m2\repository\com\mysql\mysql-connector-j\8.0.32\mysql-connector-j-8.0.32.jar#SEP#C:\Users\eloma\.m2\repository\com\fasterxml\jackson\dataformat\jackson-dataformat-xml\2.14.2\jackson-dataformat-xml-2.14.2.jar#SEP#C:\Users\eloma\.m2\repository\com\fasterxml\jackson\core\jackson-core\2.14.2\jackson-core-2.14.2.jar#SEP#C:\Users\eloma\.m2\repository\com\fasterxml\jackson\core\jackson-annotations\2.14.2\jackson-annotations-2.14.2.jar#SEP#C:\Users\eloma\.m2\repository\com\fasterxml\jackson\core\jackson-databind\2.14.2\jackson-databind-2.14.2.jar#SEP#C:\Users\eloma\.m2\repository\org\codehaus\woodstox\stax2-api\4.2.1\stax2-api-4.2.1.jar#SEP#C:\Users\eloma\.m2\repository\com\fasterxml\woodstox\woodstox-core\6.5.0\woodstox-core-6.5.0.jar#SEP#C:\Users\eloma\.m2\repository\org\springframework\boot\spring-boot-starter-test\3.0.3\spring-boot-starter-test-3.0.3.jar#SEP#C:\Users\eloma\.m2\repository\org\springframework\boot\spring-boot-test\3.0.3\spring-boot-test-3.0.3.jar#SEP#C:\Users\eloma\.m2\repository\org\springframework\boot\spring-boot-test-autoconfigure\3.0.3\spring-boot-test-autoconfigure-3.0.3.jar#SEP#C:\Users\eloma\.m2\repository\com\jayway\jsonpath\json-path\2.7.0\json-path-2.7.0.jar#SEP#C:\Users\eloma\.m2\repository\net\minidev\json-smart\2.4.8\json-smart-2.4.8.jar#SEP#C:\Users\eloma\.m2\repository\net\minidev\accessors-smart\2.4.8\accessors-smart-2.4.8.jar#SEP#C:\Users\eloma\.m2\repository\org\ow2\asm\asm\9.1\asm-9.1.jar#SEP#C:\Users\eloma\.m2\repository\org\assertj\assertj-core\3.23.1\assertj-core-3.23.1.jar#SEP#C:\Users\eloma\.m2\repository\org\hamcrest\hamcrest\2.2\hamcrest-2.2.jar#SEP#C:\Users\eloma\.m2\repository\org\junit\jupiter\junit-jupiter\5.9.2\junit-jupiter-5.9.2.jar#SEP#C:\Users\eloma\.m2\repository\org\junit\jupiter\junit-jupiter-api\5.9.2\junit-jupiter-api-5.9.2.jar#SEP#C:\Users\eloma\.m2\repository\org\opentest4j\opentest4j\1.2.0\opentest4j-1.2.0.jar#SEP#C:\Users\eloma\.m2\repository\org\junit\platform\junit-platform-commons\1.9.2\junit-platform-commons-1.9.2.jar#SEP#C:\Users\eloma\.m2\repository\org\apiguardian\apiguardian-api\1.1.2\apiguardian-api-1.1.2.jar#SEP#C:\Users\eloma\.m2\repository\org\junit\jupiter\junit-jupiter-params\5.9.2\junit-jupiter-params-5.9.2.jar#SEP#C:\Users\eloma\.m2\repository\org\junit\jupiter\junit-jupiter-engine\5.9.2\junit-jupiter-engine-5.9.2.jar#SEP#C:\Users\eloma\.m2\repository\org\junit\platform\junit-platform-engine\1.9.2\junit-platform-engine-1.9.2.jar#SEP#C:\Users\eloma\.m2\repository\org\mockito\mockito-core\4.8.1\mockito-core-4.8.1.jar#SEP#C:\Users\eloma\.m2\repository\net\bytebuddy\byte-buddy-agent\1.12.23\byte-buddy-agent-1.12.23.jar#SEP#C:\Users\eloma\.m2\repository\org\objenesis\objenesis\3.2\objenesis-3.2.jar#SEP#C:\Users\eloma\.m2\repository\org\mockito\mockito-junit-jupiter\4.8.1\mockito-junit-jupiter-4.8.1.jar#SEP#C:\Users\eloma\.m2\repository\org\skyscreamer\jsonassert\1.5.1\jsonassert-1.5.1.jar#SEP#C:\Users\eloma\.m2\repository\com\vaadin\external\google\android-json\0.0.20131108.vaadin1\android-json-0.0.20131108.vaadin1.jar#SEP#C:\Users\eloma\.m2\repository\org\springframework\spring-test\6.0.5\spring-test-6.0.5.jar#SEP#C:\Users\eloma\.m2\repository\org\xmlunit\xmlunit-core\2.9.1\xmlunit-core-2.9.1.jar#SEP#C:\Users\eloma\.m2\repository\io\jsonwebtoken\jjwt-api\0.11.5\jjwt-api-0.11.5.jar#SEP#C:\Users\eloma\.m2\repository\io\jsonwebtoken\jjwt-impl\0.11.5\jjwt-impl-0.11.5.jar#SEP#C:\Users\eloma\.m2\repository\io\jsonwebtoken\jjwt-jackson\0.11.5\jjwt-jackson-0.11.5.jar#SEP#C:\Users\eloma\.m2\repository\org\mapstruct\mapstruct\1.5.3.Final\mapstruct-1.5.3.Final.jar#SEP#C:\Users\eloma\.m2\repository\org\projectlombok\lombok-mapstruct-binding\0.2.0\lombok-mapstruct-binding-0.2.0.jar#SEP#C:\Users\eloma\.m2\repository\org\json\json\20230227\json-20230227.jar#SEP#C:\Users\eloma\.m2\repository\org\springframework\spring-websocket\6.0.8\spring-websocket-6.0.8.jar#SEP#C:\Users\eloma\.m2\repository\org\springframework\spring-messaging\6.0.8\spring-messaging-6.0.8.jar#SEP#C:\Users\eloma\.m2\repository\org\springdoc\springdoc-openapi-starter-webmvc-ui\2.1.0\springdoc-openapi-starter-webmvc-ui-2.1.0.jar#SEP#C:\Users\eloma\.m2\repository\org\springdoc\springdoc-openapi-starter-webmvc-api\2.1.0\springdoc-openapi-starter-webmvc-api-2.1.0.jar#SEP#C:\Users\eloma\.m2\repository\org\springdoc\springdoc-openapi-starter-common\2.1.0\springdoc-openapi-starter-common-2.1.0.jar#SEP#C:\Users\eloma\.m2\repository\io\swagger\core\v3\swagger-core-jakarta\2.2.9\swagger-core-jakarta-2.2.9.jar#SEP#C:\Users\eloma\.m2\repository\org\apache\commons\commons-lang3\3.12.0\commons-lang3-3.12.0.jar#SEP#C:\Users\eloma\.m2\repository\io\swagger\core\v3\swagger-annotations-jakarta\2.2.9\swagger-annotations-jakarta-2.2.9.jar#SEP#C:\Users\eloma\.m2\repository\io\swagger\core\v3\swagger-models-jakarta\2.2.9\swagger-models-jakarta-2.2.9.jar#SEP#C:\Users\eloma\.m2\repository\com\fasterxml\jackson\dataformat\jackson-dataformat-yaml\2.14.2\jackson-dataformat-yaml-2.14.2.jar#SEP#C:\Users\eloma\.m2\repository\org\webjars\swagger-ui\4.18.2\swagger-ui-4.18.2.jar
18:30:09.104 [INFO]  [Checking][main][c.d.d.c.a] > [DIFFBLUE]DefaultEvent{projectId='ma.uiz:ObservatoireUIZ:jar:0.0.1-SNAPSHOT', goal='build-classpath', cause=, state=SUCCESS}
18:30:09.104 [INFO]  [Checking][main][c.d.d.c.a] > [INFO] 
18:30:09.104 [INFO]  [Checking][main][c.d.d.c.a] > [INFO] -----------------------< ma.uiz:ObservatoireUIZ >-----------------------
18:30:09.104 [INFO]  [Checking][main][c.d.d.c.a] > [INFO] Building ObservatoireUIZ 0.0.1-SNAPSHOT
18:30:09.104 [INFO]  [Checking][main][c.d.d.c.a] > [INFO] --------------------------------[ jar ]---------------------------------
18:30:09.104 [INFO]  [Checking][main][c.d.d.c.a] > [DIFFBLUE]DefaultEvent{projectId='ma.uiz:ObservatoireUIZ:jar:0.0.1-SNAPSHOT', goal='evaluate', cause=, state=STARTED}
18:30:09.104 [INFO]  [Checking][main][c.d.d.c.a] > [INFO] 
18:30:09.104 [INFO]  [Checking][main][c.d.d.c.a] > [INFO] --- maven-help-plugin:3.2.0:evaluate (default-cli) @ ObservatoireUIZ ---
18:30:09.104 [INFO]  [Checking][main][c.d.d.c.a] > [INFO] No artifact parameter specified, using 'ma.uiz:ObservatoireUIZ:jar:0.0.1-SNAPSHOT' as project.
18:30:09.104 [INFO]  [Checking][main][c.d.d.c.a] > [INFO] Result of evaluation written to: C:\Users\eloma\AppData\Local\Temp\build.classpath2706138999582091016.tmp
18:30:09.104 [INFO]  [Checking][main][c.d.d.c.a] > [DIFFBLUE]DefaultEvent{projectId='ma.uiz:ObservatoireUIZ:jar:0.0.1-SNAPSHOT', goal='evaluate', cause=, state=SUCCESS}
18:30:09.104 [INFO]  [Checking][main][c.d.d.c.a] > [INFO] ------------------------------------------------------------------------
18:30:09.104 [INFO]  [Checking][main][c.d.d.c.a] > [INFO] BUILD SUCCESS
18:30:09.104 [INFO]  [Checking][main][c.d.d.c.a] > [INFO] ------------------------------------------------------------------------
18:30:09.104 [INFO]  [Checking][main][c.d.d.c.a] > [INFO] Total time:  1.928 s
18:30:09.104 [INFO]  [Checking][main][c.d.d.c.a] > [INFO] Finished at: 2023-11-19T18:30:09+01:00
18:30:09.104 [INFO]  [Checking][main][c.d.d.c.a] > [INFO] ------------------------------------------------------------------------
18:30:09.110 [INFO]  [Checking][main][c.d.cover.ui.a.v] Selected classpath from build system Maven
18:30:09.111 [INFO]  [Checking][main][c.d.cover.m.c.b] Expanded classpath: 
C:\Users\eloma\IdeaProjects\ObservatoireUIZ\target\test-classes
C:\Users\eloma\IdeaProjects\ObservatoireUIZ\target\classes (code under test)
C:\Users\eloma\.m2\repository\org\springframework\boot\spring-boot-starter\3.0.3\spring-boot-starter-3.0.3.jar
C:\Users\eloma\.m2\repository\org\springframework\boot\spring-boot\3.0.3\spring-boot-3.0.3.jar
C:\Users\eloma\.m2\repository\org\springframework\boot\spring-boot-autoconfigure\3.0.3\spring-boot-autoconfigure-3.0.3.jar
C:\Users\eloma\.m2\repository\org\springframework\boot\spring-boot-starter-logging\3.0.3\spring-boot-starter-logging-3.0.3.jar
C:\Users\eloma\.m2\repository\ch\qos\logback\logback-classic\1.4.5\logback-classic-1.4.5.jar
C:\Users\eloma\.m2\repository\ch\qos\logback\logback-core\1.4.5\logback-core-1.4.5.jar
C:\Users\eloma\.m2\repository\org\apache\logging\log4j\log4j-to-slf4j\2.19.0\log4j-to-slf4j-2.19.0.jar
C:\Users\eloma\.m2\repository\org\apache\logging\log4j\log4j-api\2.19.0\log4j-api-2.19.0.jar
C:\Users\eloma\.m2\repository\org\slf4j\jul-to-slf4j\2.0.6\jul-to-slf4j-2.0.6.jar
C:\Users\eloma\.m2\repository\jakarta\annotation\jakarta.annotation-api\2.1.1\jakarta.annotation-api-2.1.1.jar
C:\Users\eloma\.m2\repository\org\springframework\spring-core\6.0.5\spring-core-6.0.5.jar
C:\Users\eloma\.m2\repository\org\springframework\spring-jcl\6.0.5\spring-jcl-6.0.5.jar
C:\Users\eloma\.m2\repository\org\yaml\snakeyaml\1.33\snakeyaml-1.33.jar
C:\Users\eloma\.m2\repository\org\springframework\boot\spring-boot-starter-web\3.0.3\spring-boot-starter-web-3.0.3.jar
C:\Users\eloma\.m2\repository\org\springframework\boot\spring-boot-starter-json\3.0.3\spring-boot-starter-json-3.0.3.jar
C:\Users\eloma\.m2\repository\com\fasterxml\jackson\datatype\jackson-datatype-jdk8\2.14.2\jackson-datatype-jdk8-2.14.2.jar
C:\Users\eloma\.m2\repository\com\fasterxml\jackson\datatype\jackson-datatype-jsr310\2.14.2\jackson-datatype-jsr310-2.14.2.jar
C:\Users\eloma\.m2\repository\com\fasterxml\jackson\module\jackson-module-parameter-names\2.14.2\jackson-module-parameter-names-2.14.2.jar
C:\Users\eloma\.m2\repository\org\springframework\boot\spring-boot-starter-tomcat\3.0.3\spring-boot-starter-tomcat-3.0.3.jar
C:\Users\eloma\.m2\repository\org\apache\tomcat\embed\tomcat-embed-core\10.1.5\tomcat-embed-core-10.1.5.jar
C:\Users\eloma\.m2\repository\org\apache\tomcat\embed\tomcat-embed-websocket\10.1.5\tomcat-embed-websocket-10.1.5.jar
C:\Users\eloma\.m2\repository\org\springframework\spring-web\6.0.5\spring-web-6.0.5.jar
C:\Users\eloma\.m2\repository\io\micrometer\micrometer-observation\1.10.4\micrometer-observation-1.10.4.jar
C:\Users\eloma\.m2\repository\io\micrometer\micrometer-commons\1.10.4\micrometer-commons-1.10.4.jar
C:\Users\eloma\.m2\repository\org\springframework\spring-webmvc\6.0.5\spring-webmvc-6.0.5.jar
C:\Users\eloma\.m2\repository\org\springframework\spring-expression\6.0.5\spring-expression-6.0.5.jar
C:\Users\eloma\.m2\repository\org\springframework\boot\spring-boot-starter-thymeleaf\3.0.3\spring-boot-starter-thymeleaf-3.0.3.jar
C:\Users\eloma\.m2\repository\org\thymeleaf\thymeleaf-spring6\3.1.1.RELEASE\thymeleaf-spring6-3.1.1.RELEASE.jar
C:\Users\eloma\.m2\repository\org\thymeleaf\thymeleaf\3.1.1.RELEASE\thymeleaf-3.1.1.RELEASE.jar
C:\Users\eloma\.m2\repository\org\attoparser\attoparser\2.0.6.RELEASE\attoparser-2.0.6.RELEASE.jar
C:\Users\eloma\.m2\repository\org\unbescape\unbescape\1.1.6.RELEASE\unbescape-1.1.6.RELEASE.jar
C:\Users\eloma\.m2\repository\org\thymeleaf\extras\thymeleaf-extras-springsecurity6\3.1.1.RELEASE\thymeleaf-extras-springsecurity6-3.1.1.RELEASE.jar
C:\Users\eloma\.m2\repository\org\slf4j\slf4j-api\2.0.6\slf4j-api-2.0.6.jar
C:\Users\eloma\.m2\repository\org\springframework\boot\spring-boot-devtools\3.0.3\spring-boot-devtools-3.0.3.jar
C:\Users\eloma\.m2\repository\org\projectlombok\lombok\1.18.26\lombok-1.18.26.jar
C:\Users\eloma\.m2\repository\org\springframework\boot\spring-boot-starter-validation\3.0.3\spring-boot-starter-validation-3.0.3.jar
C:\Users\eloma\.m2\repository\org\apache\tomcat\embed\tomcat-embed-el\10.1.5\tomcat-embed-el-10.1.5.jar
C:\Users\eloma\.m2\repository\org\hibernate\validator\hibernate-validator\8.0.0.Final\hibernate-validator-8.0.0.Final.jar
C:\Users\eloma\.m2\repository\jakarta\validation\jakarta.validation-api\3.0.2\jakarta.validation-api-3.0.2.jar
C:\Users\eloma\.m2\repository\org\springframework\boot\spring-boot-starter-security\3.0.3\spring-boot-starter-security-3.0.3.jar
C:\Users\eloma\.m2\repository\org\springframework\spring-aop\6.0.5\spring-aop-6.0.5.jar
C:\Users\eloma\.m2\repository\org\springframework\security\spring-security-config\6.0.2\spring-security-config-6.0.2.jar
C:\Users\eloma\.m2\repository\org\springframework\security\spring-security-core\6.0.2\spring-security-core-6.0.2.jar
C:\Users\eloma\.m2\repository\org\springframework\security\spring-security-crypto\6.0.2\spring-security-crypto-6.0.2.jar
C:\Users\eloma\.m2\repository\org\springframework\security\spring-security-web\6.0.2\spring-security-web-6.0.2.jar
C:\Users\eloma\.m2\repository\org\springframework\boot\spring-boot-starter-aop\3.0.3\spring-boot-starter-aop-3.0.3.jar
C:\Users\eloma\.m2\repository\org\aspectj\aspectjweaver\1.9.19\aspectjweaver-1.9.19.jar
C:\Users\eloma\.m2\repository\org\springframework\boot\spring-boot-starter-jdbc\3.0.3\spring-boot-starter-jdbc-3.0.3.jar
C:\Users\eloma\.m2\repository\com\zaxxer\HikariCP\5.0.1\HikariCP-5.0.1.jar
C:\Users\eloma\.m2\repository\org\springframework\spring-jdbc\6.0.5\spring-jdbc-6.0.5.jar
C:\Users\eloma\.m2\repository\org\hibernate\orm\hibernate-core\6.2.1.Final\hibernate-core-6.2.1.Final.jar
C:\Users\eloma\.m2\repository\jakarta\persistence\jakarta.persistence-api\3.1.0\jakarta.persistence-api-3.1.0.jar
C:\Users\eloma\.m2\repository\jakarta\transaction\jakarta.transaction-api\2.0.1\jakarta.transaction-api-2.0.1.jar
C:\Users\eloma\.m2\repository\org\jboss\logging\jboss-logging\3.5.0.Final\jboss-logging-3.5.0.Final.jar
C:\Users\eloma\.m2\repository\org\hibernate\common\hibernate-commons-annotations\6.0.6.Final\hibernate-commons-annotations-6.0.6.Final.jar
C:\Users\eloma\.m2\repository\io\smallrye\jandex\3.0.5\jandex-3.0.5.jar
C:\Users\eloma\.m2\repository\com\fasterxml\classmate\1.5.1\classmate-1.5.1.jar
C:\Users\eloma\.m2\repository\net\bytebuddy\byte-buddy\1.12.23\byte-buddy-1.12.23.jar
C:\Users\eloma\.m2\repository\jakarta\xml\bind\jakarta.xml.bind-api\4.0.0\jakarta.xml.bind-api-4.0.0.jar
C:\Users\eloma\.m2\repository\jakarta\activation\jakarta.activation-api\2.1.1\jakarta.activation-api-2.1.1.jar
C:\Users\eloma\.m2\repository\org\glassfish\jaxb\jaxb-runtime\4.0.2\jaxb-runtime-4.0.2.jar
C:\Users\eloma\.m2\repository\org\glassfish\jaxb\jaxb-core\4.0.2\jaxb-core-4.0.2.jar
C:\Users\eloma\.m2\repository\org\eclipse\angus\angus-activation\2.0.0\angus-activation-2.0.0.jar
C:\Users\eloma\.m2\repository\org\glassfish\jaxb\txw2\4.0.2\txw2-4.0.2.jar
C:\Users\eloma\.m2\repository\com\sun\istack\istack-commons-runtime\4.1.1\istack-commons-runtime-4.1.1.jar
C:\Users\eloma\.m2\repository\jakarta\inject\jakarta.inject-api\2.0.1\jakarta.inject-api-2.0.1.jar
C:\Users\eloma\.m2\repository\org\antlr\antlr4-runtime\4.10.1\antlr4-runtime-4.10.1.jar
C:\Users\eloma\.m2\repository\org\springframework\data\spring-data-jpa\3.0.2\spring-data-jpa-3.0.2.jar
C:\Users\eloma\.m2\repository\org\springframework\data\spring-data-commons\3.0.2\spring-data-commons-3.0.2.jar
C:\Users\eloma\.m2\repository\org\springframework\spring-orm\6.0.5\spring-orm-6.0.5.jar
C:\Users\eloma\.m2\repository\org\springframework\spring-context\6.0.5\spring-context-6.0.5.jar
C:\Users\eloma\.m2\repository\org\springframework\spring-tx\6.0.5\spring-tx-6.0.5.jar
C:\Users\eloma\.m2\repository\org\springframework\spring-beans\6.0.5\spring-beans-6.0.5.jar
C:\Users\eloma\.m2\repository\org\springframework\spring-aspects\6.0.5\spring-aspects-6.0.5.jar
C:\Users\eloma\.m2\repository\com\mysql\mysql-connector-j\8.0.32\mysql-connector-j-8.0.32.jar
C:\Users\eloma\.m2\repository\com\fasterxml\jackson\dataformat\jackson-dataformat-xml\2.14.2\jackson-dataformat-xml-2.14.2.jar
C:\Users\eloma\.m2\repository\com\fasterxml\jackson\core\jackson-core\2.14.2\jackson-core-2.14.2.jar
C:\Users\eloma\.m2\repository\com\fasterxml\jackson\core\jackson-annotations\2.14.2\jackson-annotations-2.14.2.jar
C:\Users\eloma\.m2\repository\com\fasterxml\jackson\core\jackson-databind\2.14.2\jackson-databind-2.14.2.jar
C:\Users\eloma\.m2\repository\org\codehaus\woodstox\stax2-api\4.2.1\stax2-api-4.2.1.jar
C:\Users\eloma\.m2\repository\com\fasterxml\woodstox\woodstox-core\6.5.0\woodstox-core-6.5.0.jar
C:\Users\eloma\.m2\repository\org\springframework\boot\spring-boot-starter-test\3.0.3\spring-boot-starter-test-3.0.3.jar
C:\Users\eloma\.m2\repository\org\springframework\boot\spring-boot-test\3.0.3\spring-boot-test-3.0.3.jar
C:\Users\eloma\.m2\repository\org\springframework\boot\spring-boot-test-autoconfigure\3.0.3\spring-boot-test-autoconfigure-3.0.3.jar
C:\Users\eloma\.m2\repository\com\jayway\jsonpath\json-path\2.7.0\json-path-2.7.0.jar
C:\Users\eloma\.m2\repository\net\minidev\json-smart\2.4.8\json-smart-2.4.8.jar
C:\Users\eloma\.m2\repository\net\minidev\accessors-smart\2.4.8\accessors-smart-2.4.8.jar
C:\Users\eloma\.m2\repository\org\ow2\asm\asm\9.1\asm-9.1.jar
C:\Users\eloma\.m2\repository\org\assertj\assertj-core\3.23.1\assertj-core-3.23.1.jar
C:\Users\eloma\.m2\repository\org\hamcrest\hamcrest\2.2\hamcrest-2.2.jar
C:\Users\eloma\.m2\repository\org\junit\jupiter\junit-jupiter\5.9.2\junit-jupiter-5.9.2.jar
C:\Users\eloma\.m2\repository\org\junit\jupiter\junit-jupiter-api\5.9.2\junit-jupiter-api-5.9.2.jar
C:\Users\eloma\.m2\repository\org\opentest4j\opentest4j\1.2.0\opentest4j-1.2.0.jar
C:\Users\eloma\.m2\repository\org\junit\platform\junit-platform-commons\1.9.2\junit-platform-commons-1.9.2.jar
C:\Users\eloma\.m2\repository\org\apiguardian\apiguardian-api\1.1.2\apiguardian-api-1.1.2.jar
C:\Users\eloma\.m2\repository\org\junit\jupiter\junit-jupiter-params\5.9.2\junit-jupiter-params-5.9.2.jar
C:\Users\eloma\.m2\repository\org\junit\jupiter\junit-jupiter-engine\5.9.2\junit-jupiter-engine-5.9.2.jar
C:\Users\eloma\.m2\repository\org\junit\platform\junit-platform-engine\1.9.2\junit-platform-engine-1.9.2.jar
C:\Users\eloma\.m2\repository\org\mockito\mockito-core\4.8.1\mockito-core-4.8.1.jar
C:\Users\eloma\.m2\repository\net\bytebuddy\byte-buddy-agent\1.12.23\byte-buddy-agent-1.12.23.jar
C:\Users\eloma\.m2\repository\org\objenesis\objenesis\3.2\objenesis-3.2.jar
C:\Users\eloma\.m2\repository\org\mockito\mockito-junit-jupiter\4.8.1\mockito-junit-jupiter-4.8.1.jar
C:\Users\eloma\.m2\repository\org\skyscreamer\jsonassert\1.5.1\jsonassert-1.5.1.jar
C:\Users\eloma\.m2\repository\com\vaadin\external\google\android-json\0.0.20131108.vaadin1\android-json-0.0.20131108.vaadin1.jar
C:\Users\eloma\.m2\repository\org\springframework\spring-test\6.0.5\spring-test-6.0.5.jar
C:\Users\eloma\.m2\repository\org\xmlunit\xmlunit-core\2.9.1\xmlunit-core-2.9.1.jar
C:\Users\eloma\.m2\repository\io\jsonwebtoken\jjwt-api\0.11.5\jjwt-api-0.11.5.jar
C:\Users\eloma\.m2\repository\io\jsonwebtoken\jjwt-impl\0.11.5\jjwt-impl-0.11.5.jar
C:\Users\eloma\.m2\repository\io\jsonwebtoken\jjwt-jackson\0.11.5\jjwt-jackson-0.11.5.jar
C:\Users\eloma\.m2\repository\org\mapstruct\mapstruct\1.5.3.Final\mapstruct-1.5.3.Final.jar
C:\Users\eloma\.m2\repository\org\projectlombok\lombok-mapstruct-binding\0.2.0\lombok-mapstruct-binding-0.2.0.jar
C:\Users\eloma\.m2\repository\org\json\json\20230227\json-20230227.jar
C:\Users\eloma\.m2\repository\org\springframework\spring-websocket\6.0.8\spring-websocket-6.0.8.jar
C:\Users\eloma\.m2\repository\org\springframework\spring-messaging\6.0.8\spring-messaging-6.0.8.jar
C:\Users\eloma\.m2\repository\org\springdoc\springdoc-openapi-starter-webmvc-ui\2.1.0\springdoc-openapi-starter-webmvc-ui-2.1.0.jar
C:\Users\eloma\.m2\repository\org\springdoc\springdoc-openapi-starter-webmvc-api\2.1.0\springdoc-openapi-starter-webmvc-api-2.1.0.jar
C:\Users\eloma\.m2\repository\org\springdoc\springdoc-openapi-starter-common\2.1.0\springdoc-openapi-starter-common-2.1.0.jar
C:\Users\eloma\.m2\repository\io\swagger\core\v3\swagger-core-jakarta\2.2.9\swagger-core-jakarta-2.2.9.jar
C:\Users\eloma\.m2\repository\org\apache\commons\commons-lang3\3.12.0\commons-lang3-3.12.0.jar
C:\Users\eloma\.m2\repository\io\swagger\core\v3\swagger-annotations-jakarta\2.2.9\swagger-annotations-jakarta-2.2.9.jar
C:\Users\eloma\.m2\repository\io\swagger\core\v3\swagger-models-jakarta\2.2.9\swagger-models-jakarta-2.2.9.jar
C:\Users\eloma\.m2\repository\com\fasterxml\jackson\dataformat\jackson-dataformat-yaml\2.14.2\jackson-dataformat-yaml-2.14.2.jar
C:\Users\eloma\.m2\repository\org\webjars\swagger-ui\4.18.2\swagger-ui-4.18.2.jar
18:30:09.112 [DEBUG] [Checking][main][c.d.c.c.m.c] Processing rule b took 2949ms
18:30:09.112 [DEBUG] [Checking][main][c.d.c.c.m.c] Processing rule r
18:30:09.112 [DEBUG] [Checking][main][c.d.c.c.m.c]   Rule fired
18:30:09.169 [DEBUG] [Checking][main][c.d.c.c.m.c] Processing rule r took 57ms
18:30:09.169 [DEBUG] [Checking][main][c.d.c.c.m.c] Processing rule ae
18:30:09.169 [DEBUG] [Checking][main][c.d.c.c.m.c]   Rule fired
18:30:09.169 [DEBUG] [Checking][main][c.d.c.c.m.c] Processing rule ae took 0ms
18:30:09.169 [DEBUG] [Checking][main][c.d.c.c.m.c] Processing rule t
18:30:09.169 [DEBUG] [Checking][main][c.d.c.c.m.c]   Rule fired
18:30:09.175 [DEBUG] [Checking][main][c.d.c.c.m.c] Processing rule t took 5ms
18:30:09.175 [DEBUG] [Checking][main][c.d.c.c.m.c] Processing rule v
18:30:09.175 [DEBUG] [Checking][main][c.d.c.c.m.c]   Rule fired
18:30:09.176 [INFO]  [Checking][main][c.d.cover.ui.a.v] Detected JVM architecture: 64-Bit
18:30:09.176 [DEBUG] [Checking][main][c.d.c.c.m.c] Processing rule v took 1ms
18:30:09.176 [DEBUG] [Checking][main][c.d.c.c.m.c] Processing rule RefactorOptionsDetector
18:30:09.176 [DEBUG] [Checking][main][c.d.c.c.m.c]   Rule fired
18:30:09.176 [DEBUG] [Checking][main][c.d.c.c.m.c] Processing rule RefactorOptionsDetector took 0ms
18:30:09.176 [DEBUG] [Checking][main][c.d.c.c.m.c] Processing rule ah
18:30:09.176 [DEBUG] [Checking][main][c.d.c.c.m.c]   Rule fired
18:30:09.176 [DEBUG] [Checking][main][c.d.c.c.m.c] Processing rule ah took 0ms
18:30:09.176 [DEBUG] [Checking][main][c.d.c.c.m.c] Processing rule c
18:30:09.176 [DEBUG] [Checking][main][c.d.c.c.m.c]   Rule fired
18:30:09.179 [INFO]  [Checking][main][c.d.cover.ui.a.v] Selected Java language compliance level: 17
18:30:09.180 [DEBUG] [Checking][main][c.d.c.c.m.c] Processing rule c took 3ms
18:30:09.180 [DEBUG] [Checking][main][c.d.c.c.m.c] Processing rule h
18:30:09.180 [DEBUG] [Checking][main][c.d.c.c.m.c]   Rule fired
18:30:09.180 [DEBUG] [Checking][main][c.d.c.c.m.c] Processing rule h took 0ms
18:30:09.180 [DEBUG] [Checking][main][c.d.c.c.m.c] Processing rule l
18:30:09.180 [DEBUG] [Checking][main][c.d.c.c.m.c]   Rule did not fire
18:30:09.180 [DEBUG] [Checking][main][c.d.c.c.m.c] Processing rule l took 0ms
18:30:09.180 [DEBUG] [Checking][main][c.d.c.c.m.c] Processing rule c
18:30:09.180 [DEBUG] [Checking][main][c.d.c.c.m.c]   Rule did not fire
18:30:09.180 [DEBUG] [Checking][main][c.d.c.c.m.c] Processing rule c took 0ms
18:30:09.180 [DEBUG] [Checking][main][c.d.c.c.m.c] Processing rule b
18:30:09.180 [DEBUG] [Checking][main][c.d.c.c.m.c]   Rule fired
18:30:09.183 [DEBUG] [Checking][main][c.d.c.c.m.c] Processing rule b took 3ms
18:30:09.184 [DEBUG] [Checking][main][c.d.c.c.m.c] Processing rule m
18:30:09.184 [DEBUG] [Checking][main][c.d.c.c.m.c]   Rule fired
18:30:09.184 [DEBUG] [Checking][main][c.d.c.c.m.c] Processing rule m took 0ms
18:30:09.184 [DEBUG] [Checking][main][c.d.c.c.m.c] Processing rule a
18:30:09.184 [DEBUG] [Checking][main][c.d.c.c.m.c]   Rule did not fire
18:30:09.184 [DEBUG] [Checking][main][c.d.c.c.m.c] Processing rule a took 0ms
18:30:09.184 [DEBUG] [Checking][main][c.d.c.c.m.c] Processing rule n
18:30:09.184 [DEBUG] [Checking][main][c.d.c.c.m.c]   Rule did not fire
18:30:09.184 [DEBUG] [Checking][main][c.d.c.c.m.c] Processing rule n took 0ms
18:30:09.184 [DEBUG] [Checking][main][c.d.c.c.m.c] Processing rule p
18:30:09.184 [DEBUG] [Checking][main][c.d.c.c.m.c]   Rule did not fire
18:30:09.184 [DEBUG] [Checking][main][c.d.c.c.m.c] Processing rule p took 0ms
18:30:09.184 [DEBUG] [Checking][main][c.d.c.c.m.c] Processing rule CliBuildSystemRecommender
18:30:09.184 [DEBUG] [Checking][main][c.d.c.c.m.c]   Rule fired
18:30:09.184 [DEBUG] [Checking][main][c.d.c.c.m.c] Processing rule CliBuildSystemRecommender took 0ms
18:30:09.184 [DEBUG] [Checking][main][c.d.c.c.m.c] Processing rule v
18:30:09.184 [DEBUG] [Checking][main][c.d.c.c.m.c]   Rule did not fire
18:30:09.184 [DEBUG] [Checking][main][c.d.c.c.m.c] Processing rule v took 0ms
18:30:09.190 [INFO]  [Checking][main][c.d.cover.ui.f] 
18:30:09.190 [INFO]  [Checking][main][c.d.cover.ui.f] Environment summary:
18:30:09.190 [INFO]  [Checking][main][c.d.cover.ui.f] --------------------
18:30:09.192 [INFO]  [Checking][main][c.d.cover.ui.f] Java version                  17.0.8                        SUCCESS        
18:30:09.192 [INFO]  [Checking][main][c.d.cover.ui.f] Build system                  Maven                         SUCCESS        
18:30:09.192 [INFO]  [Checking][main][c.d.cover.ui.f] 
18:30:09.193 [INFO]  [Checking][main][c.d.cover.ui.f] Environment check status: SUCCESS
18:30:09.194 [INFO]  [Refactoring][main][c.d.c.r.a.a] Applying refactorings from configuration file C:\Users\eloma\IdeaProjects\ObservatoireUIZ\.diffblue\refactorings.yml
18:30:09.388 [INFO]  [Refactoring][main][c.d.d.d.b] Maven Using ${maven.home} of: C:\Users\eloma\IdeaProjects\ObservatoireUIZ.
18:30:09.389 [INFO]  [Refactoring][main][c.d.d.d.b] Maven Executing: cmd.exe /X /C "C:\Users\eloma\IdeaProjects\ObservatoireUIZ\mvnw.cmd -B -D file=C:\Users\eloma\AppData\Local\Temp\cover-refactoring-recipes-1000.0.0.jar -D groupId=com.diffblue.cover -D artifactId=cover-refactoring-recipes -D packaging=jar -D version=1000.0.0 -D "maven.ext.class.path=C:\Program Files\Diffblue\cover-buildsystem-maven-spy-jar-with-dependencies.jar" install:install-file"
18:30:11.395 [INFO]  [Refactoring][main][c.d.d.c.a] Standard output of build tool (Maven)
18:30:11.395 [INFO]  [Refactoring][main][c.d.d.c.a] > [INFO] Scanning for projects...
18:30:11.395 [INFO]  [Refactoring][main][c.d.d.c.a] > [INFO] 
18:30:11.395 [INFO]  [Refactoring][main][c.d.d.c.a] > [INFO] -----------------------< ma.uiz:ObservatoireUIZ >-----------------------
18:30:11.395 [INFO]  [Refactoring][main][c.d.d.c.a] > [INFO] Building ObservatoireUIZ 0.0.1-SNAPSHOT
18:30:11.395 [INFO]  [Refactoring][main][c.d.d.c.a] > [INFO] --------------------------------[ jar ]---------------------------------
18:30:11.395 [INFO]  [Refactoring][main][c.d.d.c.a] > [DIFFBLUE]DefaultEvent{projectId='ma.uiz:ObservatoireUIZ:jar:0.0.1-SNAPSHOT', goal='install-file', cause=, state=STARTED}
18:30:11.395 [INFO]  [Refactoring][main][c.d.d.c.a] > [INFO] 
18:30:11.395 [INFO]  [Refactoring][main][c.d.d.c.a] > [INFO] --- maven-install-plugin:3.0.1:install-file (default-cli) @ ObservatoireUIZ ---
18:30:11.395 [INFO]  [Refactoring][main][c.d.d.c.a] > [INFO] pom.xml not found in cover-refactoring-recipes-1000.0.0.jar
18:30:11.395 [INFO]  [Refactoring][main][c.d.d.c.a] > [INFO] Installing C:\Users\eloma\AppData\Local\Temp\cover-refactoring-recipes-1000.0.0.jar to C:\Users\eloma\.m2\repository\com\diffblue\cover\cover-refactoring-recipes\1000.0.0\cover-refactoring-recipes-1000.0.0.jar
18:30:11.395 [INFO]  [Refactoring][main][c.d.d.c.a] > [DIFFBLUE]DefaultEvent{projectId='ma.uiz:ObservatoireUIZ:jar:0.0.1-SNAPSHOT', goal='install-file', cause=, state=SUCCESS}
18:30:11.395 [INFO]  [Refactoring][main][c.d.d.c.a] > [INFO] ------------------------------------------------------------------------
18:30:11.395 [INFO]  [Refactoring][main][c.d.d.c.a] > [INFO] BUILD SUCCESS
18:30:11.395 [INFO]  [Refactoring][main][c.d.d.c.a] > [INFO] ------------------------------------------------------------------------
18:30:11.395 [INFO]  [Refactoring][main][c.d.d.c.a] > [INFO] Total time:  0.371 s
18:30:11.395 [INFO]  [Refactoring][main][c.d.d.c.a] > [INFO] Finished at: 2023-11-19T18:30:10+01:00
18:30:11.395 [INFO]  [Refactoring][main][c.d.d.c.a] > [INFO] ------------------------------------------------------------------------
18:30:11.398 [INFO]  [Refactoring][main][c.d.d.d.b] Maven Using ${maven.home} of: C:\Users\eloma\IdeaProjects\ObservatoireUIZ.
18:30:11.398 [INFO]  [Refactoring][main][c.d.d.d.b] Maven Executing: cmd.exe /X /C "C:\Users\eloma\IdeaProjects\ObservatoireUIZ\mvnw.cmd -B -D file=C:\Users\eloma\AppData\Local\Temp\rewrite-maven-plugin-4.42.0.jar -D groupId=org.openrewrite.maven -D artifactId=rewrite-maven-plugin -D packaging=jar -D version=4.42.0 -D "maven.ext.class.path=C:\Program Files\Diffblue\cover-buildsystem-maven-spy-jar-with-dependencies.jar" install:install-file"
18:30:13.404 [INFO]  [Refactoring][main][c.d.d.c.a] Standard output of build tool (Maven)
18:30:13.404 [INFO]  [Refactoring][main][c.d.d.c.a] > [INFO] Scanning for projects...
18:30:13.404 [INFO]  [Refactoring][main][c.d.d.c.a] > [INFO] 
18:30:13.404 [INFO]  [Refactoring][main][c.d.d.c.a] > [INFO] -----------------------< ma.uiz:ObservatoireUIZ >-----------------------
18:30:13.404 [INFO]  [Refactoring][main][c.d.d.c.a] > [INFO] Building ObservatoireUIZ 0.0.1-SNAPSHOT
18:30:13.404 [INFO]  [Refactoring][main][c.d.d.c.a] > [INFO] --------------------------------[ jar ]---------------------------------
18:30:13.404 [INFO]  [Refactoring][main][c.d.d.c.a] > [DIFFBLUE]DefaultEvent{projectId='ma.uiz:ObservatoireUIZ:jar:0.0.1-SNAPSHOT', goal='install-file', cause=, state=STARTED}
18:30:13.404 [INFO]  [Refactoring][main][c.d.d.c.a] > [INFO] 
18:30:13.404 [INFO]  [Refactoring][main][c.d.d.c.a] > [INFO] --- maven-install-plugin:3.0.1:install-file (default-cli) @ ObservatoireUIZ ---
18:30:13.404 [INFO]  [Refactoring][main][c.d.d.c.a] > [INFO] Installing C:\Users\eloma\AppData\Local\Temp\rewrite-maven-plugin-4.42.0.jar to C:\Users\eloma\.m2\repository\org\openrewrite\maven\rewrite-maven-plugin\4.42.0\rewrite-maven-plugin-4.42.0.jar
18:30:13.404 [INFO]  [Refactoring][main][c.d.d.c.a] > [INFO] Installing C:\Users\eloma\AppData\Local\Temp\rewrite-maven-plugin-4.42.04991366848605712554.pom to C:\Users\eloma\.m2\repository\org\openrewrite\maven\rewrite-maven-plugin\4.42.0\rewrite-maven-plugin-4.42.0.pom
18:30:13.404 [INFO]  [Refactoring][main][c.d.d.c.a] > [DIFFBLUE]DefaultEvent{projectId='ma.uiz:ObservatoireUIZ:jar:0.0.1-SNAPSHOT', goal='install-file', cause=, state=SUCCESS}
18:30:13.405 [INFO]  [Refactoring][main][c.d.d.c.a] > [INFO] ------------------------------------------------------------------------
18:30:13.405 [INFO]  [Refactoring][main][c.d.d.c.a] > [INFO] BUILD SUCCESS
18:30:13.405 [INFO]  [Refactoring][main][c.d.d.c.a] > [INFO] ------------------------------------------------------------------------
18:30:13.405 [INFO]  [Refactoring][main][c.d.d.c.a] > [INFO] Total time:  0.612 s
18:30:13.405 [INFO]  [Refactoring][main][c.d.d.c.a] > [INFO] Finished at: 2023-11-19T18:30:12+01:00
18:30:13.405 [INFO]  [Refactoring][main][c.d.d.c.a] > [INFO] ------------------------------------------------------------------------
18:30:13.408 [INFO]  [Refactoring][main][c.d.d.d.b] Maven Using ${maven.home} of: C:\Users\eloma\IdeaProjects\ObservatoireUIZ.
18:30:13.409 [INFO]  [Refactoring][main][c.d.d.d.b] Maven Executing: cmd.exe /X /C "C:\Users\eloma\IdeaProjects\ObservatoireUIZ\mvnw.cmd -B -D file=C:\Users\eloma\AppData\Local\Temp\rewrite-maven-plugin-4.42.0.pom -D groupId=org.openrewrite.maven -D artifactId=rewrite-maven-plugin -D packaging=pom -D version=4.42.0 -D "maven.ext.class.path=C:\Program Files\Diffblue\cover-buildsystem-maven-spy-jar-with-dependencies.jar" install:install-file"
18:30:15.417 [INFO]  [Refactoring][main][c.d.d.c.a] Standard output of build tool (Maven)
18:30:15.417 [INFO]  [Refactoring][main][c.d.d.c.a] > [INFO] Scanning for projects...
18:30:15.417 [INFO]  [Refactoring][main][c.d.d.c.a] > [INFO] 
18:30:15.417 [INFO]  [Refactoring][main][c.d.d.c.a] > [INFO] -----------------------< ma.uiz:ObservatoireUIZ >-----------------------
18:30:15.417 [INFO]  [Refactoring][main][c.d.d.c.a] > [INFO] Building ObservatoireUIZ 0.0.1-SNAPSHOT
18:30:15.417 [INFO]  [Refactoring][main][c.d.d.c.a] > [INFO] --------------------------------[ jar ]---------------------------------
18:30:15.417 [INFO]  [Refactoring][main][c.d.d.c.a] > [DIFFBLUE]DefaultEvent{projectId='ma.uiz:ObservatoireUIZ:jar:0.0.1-SNAPSHOT', goal='install-file', cause=, state=STARTED}
18:30:15.417 [INFO]  [Refactoring][main][c.d.d.c.a] > [INFO] 
18:30:15.417 [INFO]  [Refactoring][main][c.d.d.c.a] > [INFO] --- maven-install-plugin:3.0.1:install-file (default-cli) @ ObservatoireUIZ ---
18:30:15.417 [INFO]  [Refactoring][main][c.d.d.c.a] > [INFO] Installing C:\Users\eloma\AppData\Local\Temp\rewrite-maven-plugin-4.42.0.pom to C:\Users\eloma\.m2\repository\org\openrewrite\maven\rewrite-maven-plugin\4.42.0\rewrite-maven-plugin-4.42.0.pom
18:30:15.417 [INFO]  [Refactoring][main][c.d.d.c.a] > [DIFFBLUE]DefaultEvent{projectId='ma.uiz:ObservatoireUIZ:jar:0.0.1-SNAPSHOT', goal='install-file', cause=, state=SUCCESS}
18:30:15.417 [INFO]  [Refactoring][main][c.d.d.c.a] > [INFO] ------------------------------------------------------------------------
18:30:15.417 [INFO]  [Refactoring][main][c.d.d.c.a] > [INFO] BUILD SUCCESS
18:30:15.417 [INFO]  [Refactoring][main][c.d.d.c.a] > [INFO] ------------------------------------------------------------------------
18:30:15.418 [INFO]  [Refactoring][main][c.d.d.c.a] > [INFO] Total time:  0.376 s
18:30:15.418 [INFO]  [Refactoring][main][c.d.d.c.a] > [INFO] Finished at: 2023-11-19T18:30:14+01:00
18:30:15.418 [INFO]  [Refactoring][main][c.d.d.c.a] > [INFO] ------------------------------------------------------------------------
18:30:15.418 [INFO]  [Refactoring][main][c.d.d.d.b] Maven Using ${maven.home} of: C:\Users\eloma\IdeaProjects\ObservatoireUIZ.
18:30:15.419 [INFO]  [Refactoring][main][c.d.d.d.b] Maven Executing: cmd.exe /X /C "C:\Users\eloma\IdeaProjects\ObservatoireUIZ\mvnw.cmd -B -D rewrite.activeRecipes=com.diffblue.cover.refactoring.Recipe -D rewrite.activeStyles=org.openrewrite.java.Autodetect -D rewrite.configLocation=C:\Users\eloma\IdeaProjects\ObservatoireUIZ\.diffblue\refactorings.yml -D "maven.ext.class.path=C:\Program Files\Diffblue\cover-buildsystem-maven-spy-jar-with-dependencies.jar" org.openrewrite.maven:rewrite-maven-plugin:4.42.0:run"
18:30:45.426 [INFO]  [Refactoring][main][c.d.d.c.a] Standard output of build tool (Maven)
18:30:45.426 [INFO]  [Refactoring][main][c.d.d.c.a] > [INFO] Scanning for projects...
18:30:45.426 [INFO]  [Refactoring][main][c.d.d.c.a] > [INFO] 
18:30:45.426 [INFO]  [Refactoring][main][c.d.d.c.a] > [INFO] -----------------------< ma.uiz:ObservatoireUIZ >-----------------------
18:30:45.426 [INFO]  [Refactoring][main][c.d.d.c.a] > [INFO] Building ObservatoireUIZ 0.0.1-SNAPSHOT
18:30:45.426 [INFO]  [Refactoring][main][c.d.d.c.a] > [INFO] --------------------------------[ jar ]---------------------------------
18:30:45.426 [INFO]  [Refactoring][main][c.d.d.c.a] > [DIFFBLUE]DefaultEvent{projectId='ma.uiz:ObservatoireUIZ:jar:0.0.1-SNAPSHOT', goal='run', cause=, state=STARTED}
18:30:45.426 [INFO]  [Refactoring][main][c.d.d.c.a] > [INFO] 
18:30:45.426 [INFO]  [Refactoring][main][c.d.d.c.a] > [INFO] >>> rewrite-maven-plugin:4.42.0:run (default-cli) > compile @ ObservatoireUIZ >>>
18:30:45.426 [INFO]  [Refactoring][main][c.d.d.c.a] > [DIFFBLUE]DefaultEvent{projectId='ma.uiz:ObservatoireUIZ:jar:0.0.1-SNAPSHOT', goal='run', cause=, state=STARTED}
18:30:45.426 [INFO]  [Refactoring][main][c.d.d.c.a] > [DIFFBLUE]DefaultEvent{projectId='ma.uiz:ObservatoireUIZ:jar:0.0.1-SNAPSHOT', goal='resources', cause=, state=STARTED}
18:30:45.427 [INFO]  [Refactoring][main][c.d.d.c.a] > [INFO] 
18:30:45.427 [INFO]  [Refactoring][main][c.d.d.c.a] > [INFO] --- maven-resources-plugin:3.3.0:resources (default-resources) @ ObservatoireUIZ ---
18:30:45.427 [INFO]  [Refactoring][main][c.d.d.c.a] > [INFO] Copying 1 resource
18:30:45.427 [INFO]  [Refactoring][main][c.d.d.c.a] > [INFO] Copying 5 resources
18:30:45.427 [INFO]  [Refactoring][main][c.d.d.c.a] > [DIFFBLUE]DefaultEvent{projectId='ma.uiz:ObservatoireUIZ:jar:0.0.1-SNAPSHOT', goal='resources', cause=, state=SUCCESS}
18:30:45.427 [INFO]  [Refactoring][main][c.d.d.c.a] > [DIFFBLUE]DefaultEvent{projectId='ma.uiz:ObservatoireUIZ:jar:0.0.1-SNAPSHOT', goal='compile', cause=, state=STARTED}
18:30:45.427 [INFO]  [Refactoring][main][c.d.d.c.a] > [INFO] 
18:30:45.427 [INFO]  [Refactoring][main][c.d.d.c.a] > [INFO] --- maven-compiler-plugin:3.8.1:compile (default-compile) @ ObservatoireUIZ ---
18:30:45.427 [INFO]  [Refactoring][main][c.d.d.c.a] > [INFO] Nothing to compile - all classes are up to date
18:30:45.427 [INFO]  [Refactoring][main][c.d.d.c.a] > [DIFFBLUE]DefaultEvent{projectId='ma.uiz:ObservatoireUIZ:jar:0.0.1-SNAPSHOT', goal='compile', cause=, state=SUCCESS}
18:30:45.427 [INFO]  [Refactoring][main][c.d.d.c.a] > [DIFFBLUE]DefaultEvent{projectId='ma.uiz:ObservatoireUIZ:jar:0.0.1-SNAPSHOT', goal='run', cause=, state=SUCCESS}
18:30:45.427 [INFO]  [Refactoring][main][c.d.d.c.a] > [DIFFBLUE]DefaultEvent{projectId='ma.uiz:ObservatoireUIZ:jar:0.0.1-SNAPSHOT', goal='run', cause=, state=SUCCESS}
18:30:45.427 [INFO]  [Refactoring][main][c.d.d.c.a] > [INFO] 
18:30:45.427 [INFO]  [Refactoring][main][c.d.d.c.a] > [INFO] <<< rewrite-maven-plugin:4.42.0:run (default-cli) < compile @ ObservatoireUIZ <<<
18:30:45.427 [INFO]  [Refactoring][main][c.d.d.c.a] > [INFO] 
18:30:45.427 [INFO]  [Refactoring][main][c.d.d.c.a] > [DIFFBLUE]DefaultEvent{projectId='ma.uiz:ObservatoireUIZ:jar:0.0.1-SNAPSHOT', goal='run', cause=, state=STARTED}
18:30:45.427 [INFO]  [Refactoring][main][c.d.d.c.a] > [INFO] 
18:30:45.427 [INFO]  [Refactoring][main][c.d.d.c.a] > [INFO] --- rewrite-maven-plugin:4.42.0:run (default-cli) @ ObservatoireUIZ ---
18:30:45.427 [INFO]  [Refactoring][main][c.d.d.c.a] > [INFO] Using active recipe(s) [com.diffblue.cover.refactoring.Recipe]
18:30:45.427 [INFO]  [Refactoring][main][c.d.d.c.a] > [INFO] Using active styles(s) [org.openrewrite.java.Autodetect]
18:30:45.427 [INFO]  [Refactoring][main][c.d.d.c.a] > [INFO] Validating active recipes...
18:30:45.427 [INFO]  [Refactoring][main][c.d.d.c.a] > [INFO] Project [ObservatoireUIZ] Resolving Poms...
18:30:45.427 [INFO]  [Refactoring][main][c.d.d.c.a] > [INFO] Project [ObservatoireUIZ] Parsing source files
18:30:45.427 [INFO]  [Refactoring][main][c.d.d.c.a] > [INFO] Running recipe(s)...
18:30:45.427 [INFO]  [Refactoring][main][c.d.d.c.a] > [WARNING] Changes have been made to src\main\java\ma\uiz\observatoire\config\RmeSessionChannelInterceptor.java by:
18:30:45.427 [INFO]  [Refactoring][main][c.d.d.c.a] > [WARNING]     com.diffblue.cover.refactoring.Recipe
18:30:45.427 [INFO]  [Refactoring][main][c.d.d.c.a] > [WARNING]         com.diffblue.cover.refactoring.recipes.AddGetter: {className=ma.uiz.observatoire.config.RmeSessionChannelInterceptor, fieldName=jwtService}
18:30:45.427 [INFO]  [Refactoring][main][c.d.d.c.a] > [WARNING]         com.diffblue.cover.refactoring.recipes.AddGetter: {className=ma.uiz.observatoire.config.RmeSessionChannelInterceptor, fieldName=tokenRepository}
18:30:45.427 [INFO]  [Refactoring][main][c.d.d.c.a] > [WARNING]             org.openrewrite.Recipe$AdHocRecipe
18:30:45.427 [INFO]  [Refactoring][main][c.d.d.c.a] > [WARNING]         com.diffblue.cover.refactoring.recipes.AddGetter: {className=ma.uiz.observatoire.config.RmeSessionChannelInterceptor, fieldName=userDetailsService}
18:30:45.427 [INFO]  [Refactoring][main][c.d.d.c.a] > [WARNING]             org.openrewrite.Recipe$AdHocRecipe
18:30:45.427 [INFO]  [Refactoring][main][c.d.d.c.a] > [WARNING] Please review and commit the results.
18:30:45.427 [INFO]  [Refactoring][main][c.d.d.c.a] > [DIFFBLUE]DefaultEvent{projectId='ma.uiz:ObservatoireUIZ:jar:0.0.1-SNAPSHOT', goal='run', cause=, state=SUCCESS}
18:30:45.427 [INFO]  [Refactoring][main][c.d.d.c.a] > [INFO] ------------------------------------------------------------------------
18:30:45.427 [INFO]  [Refactoring][main][c.d.d.c.a] > [INFO] BUILD SUCCESS
18:30:45.427 [INFO]  [Refactoring][main][c.d.d.c.a] > [INFO] ------------------------------------------------------------------------
18:30:45.427 [INFO]  [Refactoring][main][c.d.d.c.a] > [INFO] Total time:  28.038 s
18:30:45.427 [INFO]  [Refactoring][main][c.d.d.c.a] > [INFO] Finished at: 2023-11-19T18:30:44+01:00
18:30:45.427 [INFO]  [Refactoring][main][c.d.d.c.a] > [INFO] ------------------------------------------------------------------------
18:30:45.429 [INFO]  [Refactoring][main][c.d.c.r.Refactoring] Refreshing project state
18:30:45.430 [INFO]  [Refactoring][main][c.d.c.r.Refactoring] Validating refactorings -- this may take a few moments...
18:30:45.431 [INFO]  [Refactoring][main][c.d.d.d.b] Maven Using ${maven.home} of: C:\Users\eloma\IdeaProjects\ObservatoireUIZ.
18:30:45.431 [INFO]  [Refactoring][main][c.d.d.d.b] Maven Executing: cmd.exe /X /C "C:\Users\eloma\IdeaProjects\ObservatoireUIZ\mvnw.cmd -B -D "maven.ext.class.path=C:\Program Files\Diffblue\cover-buildsystem-maven-spy-jar-with-dependencies.jar" test-compile"
18:30:58.518 [INFO]  [Refactoring][main][c.d.d.c.a] Standard output of build tool (Maven)
18:30:58.518 [INFO]  [Refactoring][main][c.d.d.c.a] > [INFO] Scanning for projects...
18:30:58.518 [INFO]  [Refactoring][main][c.d.d.c.a] > [INFO] 
18:30:58.518 [INFO]  [Refactoring][main][c.d.d.c.a] > [INFO] -----------------------< ma.uiz:ObservatoireUIZ >-----------------------
18:30:58.518 [INFO]  [Refactoring][main][c.d.d.c.a] > [INFO] Building ObservatoireUIZ 0.0.1-SNAPSHOT
18:30:58.518 [INFO]  [Refactoring][main][c.d.d.c.a] > [INFO] --------------------------------[ jar ]---------------------------------
18:30:58.518 [INFO]  [Refactoring][main][c.d.d.c.a] > [DIFFBLUE]DefaultEvent{projectId='ma.uiz:ObservatoireUIZ:jar:0.0.1-SNAPSHOT', goal='resources', cause=, state=STARTED}
18:30:58.518 [INFO]  [Refactoring][main][c.d.d.c.a] > [INFO] 
18:30:58.518 [INFO]  [Refactoring][main][c.d.d.c.a] > [INFO] --- maven-resources-plugin:3.3.0:resources (default-resources) @ ObservatoireUIZ ---
18:30:58.518 [INFO]  [Refactoring][main][c.d.d.c.a] > [INFO] Copying 1 resource
18:30:58.518 [INFO]  [Refactoring][main][c.d.d.c.a] > [INFO] Copying 5 resources
18:30:58.518 [INFO]  [Refactoring][main][c.d.d.c.a] > [DIFFBLUE]DefaultEvent{projectId='ma.uiz:ObservatoireUIZ:jar:0.0.1-SNAPSHOT', goal='resources', cause=, state=SUCCESS}
18:30:58.518 [INFO]  [Refactoring][main][c.d.d.c.a] > [DIFFBLUE]DefaultEvent{projectId='ma.uiz:ObservatoireUIZ:jar:0.0.1-SNAPSHOT', goal='compile', cause=, state=STARTED}
18:30:58.518 [INFO]  [Refactoring][main][c.d.d.c.a] > [INFO] 
18:30:58.518 [INFO]  [Refactoring][main][c.d.d.c.a] > [INFO] --- maven-compiler-plugin:3.8.1:compile (default-compile) @ ObservatoireUIZ ---
18:30:58.518 [INFO]  [Refactoring][main][c.d.d.c.a] > [INFO] Changes detected - recompiling the module!
18:30:58.518 [INFO]  [Refactoring][main][c.d.d.c.a] > [INFO] Compiling 138 source files to C:\Users\eloma\IdeaProjects\ObservatoireUIZ\target\classes
18:30:58.518 [INFO]  [Refactoring][main][c.d.d.c.a] > [INFO] /C:/Users/eloma/IdeaProjects/ObservatoireUIZ/src/main/java/ma/uiz/observatoire/mapper/OfferMapper.java: C:\Users\eloma\IdeaProjects\ObservatoireUIZ\src\main\java\ma\uiz\observatoire\mapper\OfferMapper.java uses or overrides a deprecated API.
18:30:58.518 [INFO]  [Refactoring][main][c.d.d.c.a] > [INFO] /C:/Users/eloma/IdeaProjects/ObservatoireUIZ/src/main/java/ma/uiz/observatoire/mapper/OfferMapper.java: Recompile with -Xlint:deprecation for details.
18:30:58.518 [INFO]  [Refactoring][main][c.d.d.c.a] > [INFO] /C:/Users/eloma/IdeaProjects/ObservatoireUIZ/src/main/java/ma/uiz/observatoire/config/RmeSessionChannelInterceptor.java: C:\Users\eloma\IdeaProjects\ObservatoireUIZ\src\main\java\ma\uiz\observatoire\config\RmeSessionChannelInterceptor.java uses unchecked or unsafe operations.
18:30:58.518 [INFO]  [Refactoring][main][c.d.d.c.a] > [INFO] /C:/Users/eloma/IdeaProjects/ObservatoireUIZ/src/main/java/ma/uiz/observatoire/config/RmeSessionChannelInterceptor.java: Recompile with -Xlint:unchecked for details.
18:30:58.519 [INFO]  [Refactoring][main][c.d.d.c.a] > [DIFFBLUE]DefaultEvent{projectId='ma.uiz:ObservatoireUIZ:jar:0.0.1-SNAPSHOT', goal='compile', cause=, state=SUCCESS}
18:30:58.519 [INFO]  [Refactoring][main][c.d.d.c.a] > [DIFFBLUE]DefaultEvent{projectId='ma.uiz:ObservatoireUIZ:jar:0.0.1-SNAPSHOT', goal='testResources', cause=, state=STARTED}
18:30:58.519 [INFO]  [Refactoring][main][c.d.d.c.a] > [INFO] 
18:30:58.519 [INFO]  [Refactoring][main][c.d.d.c.a] > [INFO] --- maven-resources-plugin:3.3.0:testResources (default-testResources) @ ObservatoireUIZ ---
18:30:58.519 [INFO]  [Refactoring][main][c.d.d.c.a] > [INFO] skip non existing resourceDirectory C:\Users\eloma\IdeaProjects\ObservatoireUIZ\src\test\resources
18:30:58.519 [INFO]  [Refactoring][main][c.d.d.c.a] > [DIFFBLUE]DefaultEvent{projectId='ma.uiz:ObservatoireUIZ:jar:0.0.1-SNAPSHOT', goal='testResources', cause=, state=SUCCESS}
18:30:58.519 [INFO]  [Refactoring][main][c.d.d.c.a] > [DIFFBLUE]DefaultEvent{projectId='ma.uiz:ObservatoireUIZ:jar:0.0.1-SNAPSHOT', goal='testCompile', cause=, state=STARTED}
18:30:58.519 [INFO]  [Refactoring][main][c.d.d.c.a] > [INFO] 
18:30:58.519 [INFO]  [Refactoring][main][c.d.d.c.a] > [INFO] --- maven-compiler-plugin:3.8.1:testCompile (default-testCompile) @ ObservatoireUIZ ---
18:30:58.519 [INFO]  [Refactoring][main][c.d.d.c.a] > [INFO] Changes detected - recompiling the module!
18:30:58.519 [INFO]  [Refactoring][main][c.d.d.c.a] > [INFO] Compiling 93 source files to C:\Users\eloma\IdeaProjects\ObservatoireUIZ\target\test-classes
18:30:58.519 [INFO]  [Refactoring][main][c.d.d.c.a] > [INFO] /C:/Users/eloma/IdeaProjects/ObservatoireUIZ/src/test/java/ma/uiz/observatoire/controller/DiplomaTypeControllerDiffblueTest.java: Some input files use or override a deprecated API.
18:30:58.519 [INFO]  [Refactoring][main][c.d.d.c.a] > [INFO] /C:/Users/eloma/IdeaProjects/ObservatoireUIZ/src/test/java/ma/uiz/observatoire/controller/DiplomaTypeControllerDiffblueTest.java: Recompile with -Xlint:deprecation for details.
18:30:58.519 [INFO]  [Refactoring][main][c.d.d.c.a] > [DIFFBLUE]DefaultEvent{projectId='ma.uiz:ObservatoireUIZ:jar:0.0.1-SNAPSHOT', goal='testCompile', cause=, state=SUCCESS}
18:30:58.519 [INFO]  [Refactoring][main][c.d.d.c.a] > [INFO] ------------------------------------------------------------------------
18:30:58.519 [INFO]  [Refactoring][main][c.d.d.c.a] > [INFO] BUILD SUCCESS
18:30:58.519 [INFO]  [Refactoring][main][c.d.d.c.a] > [INFO] ------------------------------------------------------------------------
18:30:58.519 [INFO]  [Refactoring][main][c.d.d.c.a] > [INFO] Total time:  11.974 s
18:30:58.519 [INFO]  [Refactoring][main][c.d.d.c.a] > [INFO] Finished at: 2023-11-19T18:30:58+01:00
18:30:58.519 [INFO]  [Refactoring][main][c.d.d.c.a] > [INFO] ------------------------------------------------------------------------
18:30:58.519 [INFO]  [Refactoring][main][c.d.c.r.Refactoring] Modifications applied:
18:30:58.520 [INFO]  [Refactoring][main][c.d.c.r.Refactoring]   src\main\java\ma\uiz\observatoire\config\RmeSessionChannelInterceptor.java
18:30:58.520 [INFO]  [Refactoring][main][c.d.c.r.Refactoring] Refactorings completed
18:30:58.521 [INFO]  [Reporting][main][c.d.cover.ui.a.w] 
18:30:58.523 [INFO]  [Reporting][main][c.d.cover.ui.a.w] Log file: C:\Users\eloma\IdeaProjects\ObservatoireUIZ\.diffblue\log\user-20231119T183002.log
18:30:58.524 [INFO]  [Reporting][main][c.d.cover.ui.a.w] Finished in 56s
