16:37:34.881 [INFO]  [Preparing] Diffblue Cover 2023.11.01-fe2f45b-licensed
16:37:34.881 [INFO]  [Preparing] Running: dcover create ma.uiz.observatoire.repository.AccountRepository
16:37:34.882 [INFO]  [Preparing] 
16:37:34.882 [INFO]  [Preparing] Command: create
16:37:34.884 [INFO]  [Preparing] Create tests for the specified package/class/method prefix.
16:37:34.884 [INFO]  [Preparing] 
16:37:39.827 [INFO]  [Checking] Detecting environment:
16:37:39.827 [INFO]  [Checking] ----------------------
16:37:39.884 [INFO]  [Checking] Detected Java version 17.0.8
16:37:39.913 [INFO]  [Checking] Maven Using ${maven.home} of: C:\Users\eloma\IdeaProjects\ObservatoireUIZ.
16:37:39.963 [INFO]  [Checking] Maven Executing: cmd.exe /X /C "C:\Users\eloma\IdeaProjects\ObservatoireUIZ\mvnw.cmd -B -version"
16:37:40.013 [INFO]  [Checking] Standard output of build tool (Maven)
16:37:40.014 [INFO]  [Checking] > 
16:37:40.014 [INFO]  [Checking] > 
16:37:40.014 [INFO]  [Checking] Standard error of build tool (Maven)
16:37:40.014 [INFO]  [Checking] > Error: JAVA_HOME not found in your environment. 
16:37:40.014 [INFO]  [Checking] > Please set the JAVA_HOME variable in your environment to match the 
16:37:40.014 [INFO]  [Checking] > location of your Java installation. 
16:37:40.014 [INFO]  [Checking] Maven command Using ${maven.home} of: 'C:\Users\eloma\IdeaProjects\ObservatoireUIZ'.
16:37:40.014 [INFO]  [Checking] Maven command Executing: cmd.exe /X /C "C:\Users\eloma\IdeaProjects\ObservatoireUIZ\mvnw.cmd -B -version"
16:37:40.043 [INFO]  [Checking] Maven Using ${maven.home} of: C:\Users\eloma\IdeaProjects\ObservatoireUIZ.
16:37:40.043 [INFO]  [Checking] Maven Executing: cmd.exe /X /C "C:\Users\eloma\IdeaProjects\ObservatoireUIZ\mvnw.cmd -B -N -D output=diffblue.effective-pom.output.xml -D "maven.ext.class.path=C:\Program Files\Diffblue\cover-buildsystem-maven-spy-jar-with-dependencies.jar" org.apache.maven.plugins:maven-help-plugin:3.2.0:effective-pom"
16:37:41.883 [INFO]  [Checking] Standard output of build tool (Maven)
16:37:41.883 [INFO]  [Checking] > [INFO] Scanning for projects...
16:37:41.883 [INFO]  [Checking] > [INFO] 
16:37:41.883 [INFO]  [Checking] > [INFO] -----------------------< ma.uiz:ObservatoireUIZ >-----------------------
16:37:41.883 [INFO]  [Checking] > [INFO] Building ObservatoireUIZ 0.0.1-SNAPSHOT
16:37:41.883 [INFO]  [Checking] > [INFO] --------------------------------[ jar ]---------------------------------
16:37:41.883 [INFO]  [Checking] > [DIFFBLUE]DefaultEvent{projectId='ma.uiz:ObservatoireUIZ:jar:0.0.1-SNAPSHOT', goal='effective-pom', cause=, state=STARTED}
16:37:41.883 [INFO]  [Checking] > [INFO] 
16:37:41.883 [INFO]  [Checking] > [INFO] --- maven-help-plugin:3.2.0:effective-pom (default-cli) @ ObservatoireUIZ ---
16:37:41.883 [INFO]  [Checking] > [INFO] Effective-POM written to: C:\Users\eloma\IdeaProjects\ObservatoireUIZ\diffblue.effective-pom.output.xml
16:37:41.883 [INFO]  [Checking] > [DIFFBLUE]DefaultEvent{projectId='ma.uiz:ObservatoireUIZ:jar:0.0.1-SNAPSHOT', goal='effective-pom', cause=, state=SUCCESS}
16:37:41.883 [INFO]  [Checking] > [INFO] ------------------------------------------------------------------------
16:37:41.883 [INFO]  [Checking] > [INFO] BUILD SUCCESS
16:37:41.883 [INFO]  [Checking] > [INFO] ------------------------------------------------------------------------
16:37:41.883 [INFO]  [Checking] > [INFO] Total time:  0.870 s
16:37:41.883 [INFO]  [Checking] > [INFO] Finished at: 2023-11-19T16:37:41+01:00
16:37:41.883 [INFO]  [Checking] > [INFO] ------------------------------------------------------------------------
16:37:42.044 [INFO]  [Checking] Detected build system: Maven
16:37:42.054 [INFO]  [Checking] Operating System: Windows 11 amd64 10.0
16:37:42.054 [INFO]  [Checking] Default charset: windows-1252
16:37:42.054 [INFO]  [Checking] Default locale: en_US
16:37:42.054 [INFO]  [Checking] Default time zone: Africa/Casablanca
16:37:42.054 [INFO]  [Checking] Selected build system: Maven
16:37:42.054 [INFO]  [Checking] Maven Using ${maven.home} of: C:\Users\eloma\IdeaProjects\ObservatoireUIZ.
16:37:42.054 [INFO]  [Checking] Maven Executing: cmd.exe /X /C "C:\Users\eloma\IdeaProjects\ObservatoireUIZ\mvnw.cmd -B -D output=C:\Users\eloma\AppData\Local\Temp\build.classpath15708514753164831765.tmp -D expression=build.classpath -D mdep.pathSeparator=#SEP# -D includeScope=test -D mdep.outputProperty=build.classpath -D "maven.ext.class.path=C:\Program Files\Diffblue\cover-buildsystem-maven-spy-jar-with-dependencies.jar" org.apache.maven.plugins:maven-dependency-plugin:3.3.0:build-classpath org.apache.maven.plugins:maven-help-plugin:3.2.0:evaluate"
16:37:44.754 [INFO]  [Checking] Standard output of build tool (Maven)
16:37:44.754 [INFO]  [Checking] > [INFO] Scanning for projects...
16:37:44.754 [INFO]  [Checking] > [INFO] 
16:37:44.754 [INFO]  [Checking] > [INFO] -----------------------< ma.uiz:ObservatoireUIZ >-----------------------
16:37:44.754 [INFO]  [Checking] > [INFO] Building ObservatoireUIZ 0.0.1-SNAPSHOT
16:37:44.754 [INFO]  [Checking] > [INFO] --------------------------------[ jar ]---------------------------------
16:37:44.754 [INFO]  [Checking] > [DIFFBLUE]DefaultEvent{projectId='ma.uiz:ObservatoireUIZ:jar:0.0.1-SNAPSHOT', goal='build-classpath', cause=, state=STARTED}
16:37:44.754 [INFO]  [Checking] > [INFO] 
16:37:44.754 [INFO]  [Checking] > [INFO] --- maven-dependency-plugin:3.3.0:build-classpath (default-cli) @ ObservatoireUIZ ---
16:37:44.754 [INFO]  [Checking] > [INFO] Dependencies classpath:
16:37:44.754 [INFO]  [Checking] > C:\Users\eloma\.m2\repository\org\springframework\boot\spring-boot-starter\3.0.3\spring-boot-starter-3.0.3.jar#SEP#C:\Users\eloma\.m2\repository\org\springframework\boot\spring-boot\3.0.3\spring-boot-3.0.3.jar#SEP#C:\Users\eloma\.m2\repository\org\springframework\boot\spring-boot-autoconfigure\3.0.3\spring-boot-autoconfigure-3.0.3.jar#SEP#C:\Users\eloma\.m2\repository\org\springframework\boot\spring-boot-starter-logging\3.0.3\spring-boot-starter-logging-3.0.3.jar#SEP#C:\Users\eloma\.m2\repository\ch\qos\logback\logback-classic\1.4.5\logback-classic-1.4.5.jar#SEP#C:\Users\eloma\.m2\repository\ch\qos\logback\logback-core\1.4.5\logback-core-1.4.5.jar#SEP#C:\Users\eloma\.m2\repository\org\apache\logging\log4j\log4j-to-slf4j\2.19.0\log4j-to-slf4j-2.19.0.jar#SEP#C:\Users\eloma\.m2\repository\org\apache\logging\log4j\log4j-api\2.19.0\log4j-api-2.19.0.jar#SEP#C:\Users\eloma\.m2\repository\org\slf4j\jul-to-slf4j\2.0.6\jul-to-slf4j-2.0.6.jar#SEP#C:\Users\eloma\.m2\repository\jakarta\annotation\jakarta.annotation-api\2.1.1\jakarta.annotation-api-2.1.1.jar#SEP#C:\Users\eloma\.m2\repository\org\springframework\spring-core\6.0.5\spring-core-6.0.5.jar#SEP#C:\Users\eloma\.m2\repository\org\springframework\spring-jcl\6.0.5\spring-jcl-6.0.5.jar#SEP#C:\Users\eloma\.m2\repository\org\yaml\snakeyaml\1.33\snakeyaml-1.33.jar#SEP#C:\Users\eloma\.m2\repository\org\springframework\boot\spring-boot-starter-web\3.0.3\spring-boot-starter-web-3.0.3.jar#SEP#C:\Users\eloma\.m2\repository\org\springframework\boot\spring-boot-starter-json\3.0.3\spring-boot-starter-json-3.0.3.jar#SEP#C:\Users\eloma\.m2\repository\com\fasterxml\jackson\datatype\jackson-datatype-jdk8\2.14.2\jackson-datatype-jdk8-2.14.2.jar#SEP#C:\Users\eloma\.m2\repository\com\fasterxml\jackson\datatype\jackson-datatype-jsr310\2.14.2\jackson-datatype-jsr310-2.14.2.jar#SEP#C:\Users\eloma\.m2\repository\com\fasterxml\jackson\module\jackson-module-parameter-names\2.14.2\jackson-module-parameter-names-2.14.2.jar#SEP#C:\Users\eloma\.m2\repository\org\springframework\boot\spring-boot-starter-tomcat\3.0.3\spring-boot-starter-tomcat-3.0.3.jar#SEP#C:\Users\eloma\.m2\repository\org\apache\tomcat\embed\tomcat-embed-core\10.1.5\tomcat-embed-core-10.1.5.jar#SEP#C:\Users\eloma\.m2\repository\org\apache\tomcat\embed\tomcat-embed-websocket\10.1.5\tomcat-embed-websocket-10.1.5.jar#SEP#C:\Users\eloma\.m2\repository\org\springframework\spring-web\6.0.5\spring-web-6.0.5.jar#SEP#C:\Users\eloma\.m2\repository\io\micrometer\micrometer-observation\1.10.4\micrometer-observation-1.10.4.jar#SEP#C:\Users\eloma\.m2\repository\io\micrometer\micrometer-commons\1.10.4\micrometer-commons-1.10.4.jar#SEP#C:\Users\eloma\.m2\repository\org\springframework\spring-webmvc\6.0.5\spring-webmvc-6.0.5.jar#SEP#C:\Users\eloma\.m2\repository\org\springframework\spring-expression\6.0.5\spring-expression-6.0.5.jar#SEP#C:\Users\eloma\.m2\repository\org\springframework\boot\spring-boot-starter-thymeleaf\3.0.3\spring-boot-starter-thymeleaf-3.0.3.jar#SEP#C:\Users\eloma\.m2\repository\org\thymeleaf\thymeleaf-spring6\3.1.1.RELEASE\thymeleaf-spring6-3.1.1.RELEASE.jar#SEP#C:\Users\eloma\.m2\repository\org\thymeleaf\thymeleaf\3.1.1.RELEASE\thymeleaf-3.1.1.RELEASE.jar#SEP#C:\Users\eloma\.m2\repository\org\attoparser\attoparser\2.0.6.RELEASE\attoparser-2.0.6.RELEASE.jar#SEP#C:\Users\eloma\.m2\repository\org\unbescape\unbescape\1.1.6.RELEASE\unbescape-1.1.6.RELEASE.jar#SEP#C:\Users\eloma\.m2\repository\org\thymeleaf\extras\thymeleaf-extras-springsecurity6\3.1.1.RELEASE\thymeleaf-extras-springsecurity6-3.1.1.RELEASE.jar#SEP#C:\Users\eloma\.m2\repository\org\slf4j\slf4j-api\2.0.6\slf4j-api-2.0.6.jar#SEP#C:\Users\eloma\.m2\repository\org\springframework\boot\spring-boot-devtools\3.0.3\spring-boot-devtools-3.0.3.jar#SEP#C:\Users\eloma\.m2\repository\org\projectlombok\lombok\1.18.26\lombok-1.18.26.jar#SEP#C:\Users\eloma\.m2\repository\org\springframework\boot\spring-boot-starter-validation\3.0.3\spring-boot-starter-validation-3.0.3.jar#SEP#C:\Users\eloma\.m2\repository\org\apache\tomcat\embed\tomcat-embed-el\10.1.5\tomcat-embed-el-10.1.5.jar#SEP#C:\Users\eloma\.m2\repository\org\hibernate\validator\hibernate-validator\8.0.0.Final\hibernate-validator-8.0.0.Final.jar#SEP#C:\Users\eloma\.m2\repository\jakarta\validation\jakarta.validation-api\3.0.2\jakarta.validation-api-3.0.2.jar#SEP#C:\Users\eloma\.m2\repository\org\springframework\boot\spring-boot-starter-security\3.0.3\spring-boot-starter-security-3.0.3.jar#SEP#C:\Users\eloma\.m2\repository\org\springframework\spring-aop\6.0.5\spring-aop-6.0.5.jar#SEP#C:\Users\eloma\.m2\repository\org\springframework\security\spring-security-config\6.0.2\spring-security-config-6.0.2.jar#SEP#C:\Users\eloma\.m2\repository\org\springframework\security\spring-security-core\6.0.2\spring-security-core-6.0.2.jar#SEP#C:\Users\eloma\.m2\repository\org\springframework\security\spring-security-crypto\6.0.2\spring-security-crypto-6.0.2.jar#SEP#C:\Users\eloma\.m2\repository\org\springframework\security\spring-security-web\6.0.2\spring-security-web-6.0.2.jar#SEP#C:\Users\eloma\.m2\repository\org\springframework\boot\spring-boot-starter-aop\3.0.3\spring-boot-starter-aop-3.0.3.jar#SEP#C:\Users\eloma\.m2\repository\org\aspectj\aspectjweaver\1.9.19\aspectjweaver-1.9.19.jar#SEP#C:\Users\eloma\.m2\repository\org\springframework\boot\spring-boot-starter-jdbc\3.0.3\spring-boot-starter-jdbc-3.0.3.jar#SEP#C:\Users\eloma\.m2\repository\com\zaxxer\HikariCP\5.0.1\HikariCP-5.0.1.jar#SEP#C:\Users\eloma\.m2\repository\org\springframework\spring-jdbc\6.0.5\spring-jdbc-6.0.5.jar#SEP#C:\Users\eloma\.m2\repository\org\hibernate\orm\hibernate-core\6.2.1.Final\hibernate-core-6.2.1.Final.jar#SEP#C:\Users\eloma\.m2\repository\jakarta\persistence\jakarta.persistence-api\3.1.0\jakarta.persistence-api-3.1.0.jar#SEP#C:\Users\eloma\.m2\repository\jakarta\transaction\jakarta.transaction-api\2.0.1\jakarta.transaction-api-2.0.1.jar#SEP#C:\Users\eloma\.m2\repository\org\jboss\logging\jboss-logging\3.5.0.Final\jboss-logging-3.5.0.Final.jar#SEP#C:\Users\eloma\.m2\repository\org\hibernate\common\hibernate-commons-annotations\6.0.6.Final\hibernate-commons-annotations-6.0.6.Final.jar#SEP#C:\Users\eloma\.m2\repository\io\smallrye\jandex\3.0.5\jandex-3.0.5.jar#SEP#C:\Users\eloma\.m2\repository\com\fasterxml\classmate\1.5.1\classmate-1.5.1.jar#SEP#C:\Users\eloma\.m2\repository\net\bytebuddy\byte-buddy\1.12.23\byte-buddy-1.12.23.jar#SEP#C:\Users\eloma\.m2\repository\jakarta\xml\bind\jakarta.xml.bind-api\4.0.0\jakarta.xml.bind-api-4.0.0.jar#SEP#C:\Users\eloma\.m2\repository\jakarta\activation\jakarta.activation-api\2.1.1\jakarta.activation-api-2.1.1.jar#SEP#C:\Users\eloma\.m2\repository\org\glassfish\jaxb\jaxb-runtime\4.0.2\jaxb-runtime-4.0.2.jar#SEP#C:\Users\eloma\.m2\repository\org\glassfish\jaxb\jaxb-core\4.0.2\jaxb-core-4.0.2.jar#SEP#C:\Users\eloma\.m2\repository\org\eclipse\angus\angus-activation\2.0.0\angus-activation-2.0.0.jar#SEP#C:\Users\eloma\.m2\repository\org\glassfish\jaxb\txw2\4.0.2\txw2-4.0.2.jar#SEP#C:\Users\eloma\.m2\repository\com\sun\istack\istack-commons-runtime\4.1.1\istack-commons-runtime-4.1.1.jar#SEP#C:\Users\eloma\.m2\repository\jakarta\inject\jakarta.inject-api\2.0.1\jakarta.inject-api-2.0.1.jar#SEP#C:\Users\eloma\.m2\repository\org\antlr\antlr4-runtime\4.10.1\antlr4-runtime-4.10.1.jar#SEP#C:\Users\eloma\.m2\repository\org\springframework\data\spring-data-jpa\3.0.2\spring-data-jpa-3.0.2.jar#SEP#C:\Users\eloma\.m2\repository\org\springframework\data\spring-data-commons\3.0.2\spring-data-commons-3.0.2.jar#SEP#C:\Users\eloma\.m2\repository\org\springframework\spring-orm\6.0.5\spring-orm-6.0.5.jar#SEP#C:\Users\eloma\.m2\repository\org\springframework\spring-context\6.0.5\spring-context-6.0.5.jar#SEP#C:\Users\eloma\.m2\repository\org\springframework\spring-tx\6.0.5\spring-tx-6.0.5.jar#SEP#C:\Users\eloma\.m2\repository\org\springframework\spring-beans\6.0.5\spring-beans-6.0.5.jar#SEP#C:\Users\eloma\.m2\repository\org\springframework\spring-aspects\6.0.5\spring-aspects-6.0.5.jar#SEP#C:\Users\eloma\.m2\repository\com\mysql\mysql-connector-j\8.0.32\mysql-connector-j-8.0.32.jar#SEP#C:\Users\eloma\.m2\repository\com\fasterxml\jackson\dataformat\jackson-dataformat-xml\2.14.2\jackson-dataformat-xml-2.14.2.jar#SEP#C:\Users\eloma\.m2\repository\com\fasterxml\jackson\core\jackson-core\2.14.2\jackson-core-2.14.2.jar#SEP#C:\Users\eloma\.m2\repository\com\fasterxml\jackson\core\jackson-annotations\2.14.2\jackson-annotations-2.14.2.jar#SEP#C:\Users\eloma\.m2\repository\com\fasterxml\jackson\core\jackson-databind\2.14.2\jackson-databind-2.14.2.jar#SEP#C:\Users\eloma\.m2\repository\org\codehaus\woodstox\stax2-api\4.2.1\stax2-api-4.2.1.jar#SEP#C:\Users\eloma\.m2\repository\com\fasterxml\woodstox\woodstox-core\6.5.0\woodstox-core-6.5.0.jar#SEP#C:\Users\eloma\.m2\repository\org\springframework\boot\spring-boot-starter-test\3.0.3\spring-boot-starter-test-3.0.3.jar#SEP#C:\Users\eloma\.m2\repository\org\springframework\boot\spring-boot-test\3.0.3\spring-boot-test-3.0.3.jar#SEP#C:\Users\eloma\.m2\repository\org\springframework\boot\spring-boot-test-autoconfigure\3.0.3\spring-boot-test-autoconfigure-3.0.3.jar#SEP#C:\Users\eloma\.m2\repository\com\jayway\jsonpath\json-path\2.7.0\json-path-2.7.0.jar#SEP#C:\Users\eloma\.m2\repository\net\minidev\json-smart\2.4.8\json-smart-2.4.8.jar#SEP#C:\Users\eloma\.m2\repository\net\minidev\accessors-smart\2.4.8\accessors-smart-2.4.8.jar#SEP#C:\Users\eloma\.m2\repository\org\ow2\asm\asm\9.1\asm-9.1.jar#SEP#C:\Users\eloma\.m2\repository\org\assertj\assertj-core\3.23.1\assertj-core-3.23.1.jar#SEP#C:\Users\eloma\.m2\repository\org\hamcrest\hamcrest\2.2\hamcrest-2.2.jar#SEP#C:\Users\eloma\.m2\repository\org\junit\jupiter\junit-jupiter\5.9.2\junit-jupiter-5.9.2.jar#SEP#C:\Users\eloma\.m2\repository\org\junit\jupiter\junit-jupiter-api\5.9.2\junit-jupiter-api-5.9.2.jar#SEP#C:\Users\eloma\.m2\repository\org\opentest4j\opentest4j\1.2.0\opentest4j-1.2.0.jar#SEP#C:\Users\eloma\.m2\repository\org\junit\platform\junit-platform-commons\1.9.2\junit-platform-commons-1.9.2.jar#SEP#C:\Users\eloma\.m2\repository\org\apiguardian\apiguardian-api\1.1.2\apiguardian-api-1.1.2.jar#SEP#C:\Users\eloma\.m2\repository\org\junit\jupiter\junit-jupiter-params\5.9.2\junit-jupiter-params-5.9.2.jar#SEP#C:\Users\eloma\.m2\repository\org\junit\jupiter\junit-jupiter-engine\5.9.2\junit-jupiter-engine-5.9.2.jar#SEP#C:\Users\eloma\.m2\repository\org\junit\platform\junit-platform-engine\1.9.2\junit-platform-engine-1.9.2.jar#SEP#C:\Users\eloma\.m2\repository\org\mockito\mockito-core\4.8.1\mockito-core-4.8.1.jar#SEP#C:\Users\eloma\.m2\repository\net\bytebuddy\byte-buddy-agent\1.12.23\byte-buddy-agent-1.12.23.jar#SEP#C:\Users\eloma\.m2\repository\org\objenesis\objenesis\3.2\objenesis-3.2.jar#SEP#C:\Users\eloma\.m2\repository\org\mockito\mockito-junit-jupiter\4.8.1\mockito-junit-jupiter-4.8.1.jar#SEP#C:\Users\eloma\.m2\repository\org\skyscreamer\jsonassert\1.5.1\jsonassert-1.5.1.jar#SEP#C:\Users\eloma\.m2\repository\com\vaadin\external\google\android-json\0.0.20131108.vaadin1\android-json-0.0.20131108.vaadin1.jar#SEP#C:\Users\eloma\.m2\repository\org\springframework\spring-test\6.0.5\spring-test-6.0.5.jar#SEP#C:\Users\eloma\.m2\repository\org\xmlunit\xmlunit-core\2.9.1\xmlunit-core-2.9.1.jar#SEP#C:\Users\eloma\.m2\repository\io\jsonwebtoken\jjwt-api\0.11.5\jjwt-api-0.11.5.jar#SEP#C:\Users\eloma\.m2\repository\io\jsonwebtoken\jjwt-impl\0.11.5\jjwt-impl-0.11.5.jar#SEP#C:\Users\eloma\.m2\repository\io\jsonwebtoken\jjwt-jackson\0.11.5\jjwt-jackson-0.11.5.jar#SEP#C:\Users\eloma\.m2\repository\org\mapstruct\mapstruct\1.5.3.Final\mapstruct-1.5.3.Final.jar#SEP#C:\Users\eloma\.m2\repository\org\projectlombok\lombok-mapstruct-binding\0.2.0\lombok-mapstruct-binding-0.2.0.jar#SEP#C:\Users\eloma\.m2\repository\org\json\json\20230227\json-20230227.jar#SEP#C:\Users\eloma\.m2\repository\org\springframework\spring-websocket\6.0.8\spring-websocket-6.0.8.jar#SEP#C:\Users\eloma\.m2\repository\org\springframework\spring-messaging\6.0.8\spring-messaging-6.0.8.jar#SEP#C:\Users\eloma\.m2\repository\org\springdoc\springdoc-openapi-starter-webmvc-ui\2.1.0\springdoc-openapi-starter-webmvc-ui-2.1.0.jar#SEP#C:\Users\eloma\.m2\repository\org\springdoc\springdoc-openapi-starter-webmvc-api\2.1.0\springdoc-openapi-starter-webmvc-api-2.1.0.jar#SEP#C:\Users\eloma\.m2\repository\org\springdoc\springdoc-openapi-starter-common\2.1.0\springdoc-openapi-starter-common-2.1.0.jar#SEP#C:\Users\eloma\.m2\repository\io\swagger\core\v3\swagger-core-jakarta\2.2.9\swagger-core-jakarta-2.2.9.jar#SEP#C:\Users\eloma\.m2\repository\org\apache\commons\commons-lang3\3.12.0\commons-lang3-3.12.0.jar#SEP#C:\Users\eloma\.m2\repository\io\swagger\core\v3\swagger-annotations-jakarta\2.2.9\swagger-annotations-jakarta-2.2.9.jar#SEP#C:\Users\eloma\.m2\repository\io\swagger\core\v3\swagger-models-jakarta\2.2.9\swagger-models-jakarta-2.2.9.jar#SEP#C:\Users\eloma\.m2\repository\com\fasterxml\jackson\dataformat\jackson-dataformat-yaml\2.14.2\jackson-dataformat-yaml-2.14.2.jar#SEP#C:\Users\eloma\.m2\repository\org\webjars\swagger-ui\4.18.2\swagger-ui-4.18.2.jar
16:37:44.754 [INFO]  [Checking] > [DIFFBLUE]DefaultEvent{projectId='ma.uiz:ObservatoireUIZ:jar:0.0.1-SNAPSHOT', goal='build-classpath', cause=, state=SUCCESS}
16:37:44.754 [INFO]  [Checking] > [INFO] 
16:37:44.754 [INFO]  [Checking] > [INFO] -----------------------< ma.uiz:ObservatoireUIZ >-----------------------
16:37:44.754 [INFO]  [Checking] > [INFO] Building ObservatoireUIZ 0.0.1-SNAPSHOT
16:37:44.754 [INFO]  [Checking] > [INFO] --------------------------------[ jar ]---------------------------------
16:37:44.754 [INFO]  [Checking] > [DIFFBLUE]DefaultEvent{projectId='ma.uiz:ObservatoireUIZ:jar:0.0.1-SNAPSHOT', goal='evaluate', cause=, state=STARTED}
16:37:44.754 [INFO]  [Checking] > [INFO] 
16:37:44.754 [INFO]  [Checking] > [INFO] --- maven-help-plugin:3.2.0:evaluate (default-cli) @ ObservatoireUIZ ---
16:37:44.754 [INFO]  [Checking] > [INFO] No artifact parameter specified, using 'ma.uiz:ObservatoireUIZ:jar:0.0.1-SNAPSHOT' as project.
16:37:44.754 [INFO]  [Checking] > [INFO] Result of evaluation written to: C:\Users\eloma\AppData\Local\Temp\build.classpath15708514753164831765.tmp
16:37:44.754 [INFO]  [Checking] > [DIFFBLUE]DefaultEvent{projectId='ma.uiz:ObservatoireUIZ:jar:0.0.1-SNAPSHOT', goal='evaluate', cause=, state=SUCCESS}
16:37:44.754 [INFO]  [Checking] > [INFO] ------------------------------------------------------------------------
16:37:44.754 [INFO]  [Checking] > [INFO] BUILD SUCCESS
16:37:44.754 [INFO]  [Checking] > [INFO] ------------------------------------------------------------------------
16:37:44.754 [INFO]  [Checking] > [INFO] Total time:  1.705 s
16:37:44.754 [INFO]  [Checking] > [INFO] Finished at: 2023-11-19T16:37:44+01:00
16:37:44.754 [INFO]  [Checking] > [INFO] ------------------------------------------------------------------------
16:37:44.763 [INFO]  [Checking] Selected classpath from build system Maven
16:37:44.763 [INFO]  [Checking] Expanded classpath: 
C:\Users\eloma\IdeaProjects\ObservatoireUIZ\target\test-classes
C:\Users\eloma\IdeaProjects\ObservatoireUIZ\target\classes (code under test)
C:\Users\eloma\.m2\repository\org\springframework\boot\spring-boot-starter\3.0.3\spring-boot-starter-3.0.3.jar
C:\Users\eloma\.m2\repository\org\springframework\boot\spring-boot\3.0.3\spring-boot-3.0.3.jar
C:\Users\eloma\.m2\repository\org\springframework\boot\spring-boot-autoconfigure\3.0.3\spring-boot-autoconfigure-3.0.3.jar
C:\Users\eloma\.m2\repository\org\springframework\boot\spring-boot-starter-logging\3.0.3\spring-boot-starter-logging-3.0.3.jar
C:\Users\eloma\.m2\repository\ch\qos\logback\logback-classic\1.4.5\logback-classic-1.4.5.jar
C:\Users\eloma\.m2\repository\ch\qos\logback\logback-core\1.4.5\logback-core-1.4.5.jar
C:\Users\eloma\.m2\repository\org\apache\logging\log4j\log4j-to-slf4j\2.19.0\log4j-to-slf4j-2.19.0.jar
C:\Users\eloma\.m2\repository\org\apache\logging\log4j\log4j-api\2.19.0\log4j-api-2.19.0.jar
C:\Users\eloma\.m2\repository\org\slf4j\jul-to-slf4j\2.0.6\jul-to-slf4j-2.0.6.jar
C:\Users\eloma\.m2\repository\jakarta\annotation\jakarta.annotation-api\2.1.1\jakarta.annotation-api-2.1.1.jar
C:\Users\eloma\.m2\repository\org\springframework\spring-core\6.0.5\spring-core-6.0.5.jar
C:\Users\eloma\.m2\repository\org\springframework\spring-jcl\6.0.5\spring-jcl-6.0.5.jar
C:\Users\eloma\.m2\repository\org\yaml\snakeyaml\1.33\snakeyaml-1.33.jar
C:\Users\eloma\.m2\repository\org\springframework\boot\spring-boot-starter-web\3.0.3\spring-boot-starter-web-3.0.3.jar
C:\Users\eloma\.m2\repository\org\springframework\boot\spring-boot-starter-json\3.0.3\spring-boot-starter-json-3.0.3.jar
C:\Users\eloma\.m2\repository\com\fasterxml\jackson\datatype\jackson-datatype-jdk8\2.14.2\jackson-datatype-jdk8-2.14.2.jar
C:\Users\eloma\.m2\repository\com\fasterxml\jackson\datatype\jackson-datatype-jsr310\2.14.2\jackson-datatype-jsr310-2.14.2.jar
C:\Users\eloma\.m2\repository\com\fasterxml\jackson\module\jackson-module-parameter-names\2.14.2\jackson-module-parameter-names-2.14.2.jar
C:\Users\eloma\.m2\repository\org\springframework\boot\spring-boot-starter-tomcat\3.0.3\spring-boot-starter-tomcat-3.0.3.jar
C:\Users\eloma\.m2\repository\org\apache\tomcat\embed\tomcat-embed-core\10.1.5\tomcat-embed-core-10.1.5.jar
C:\Users\eloma\.m2\repository\org\apache\tomcat\embed\tomcat-embed-websocket\10.1.5\tomcat-embed-websocket-10.1.5.jar
C:\Users\eloma\.m2\repository\org\springframework\spring-web\6.0.5\spring-web-6.0.5.jar
C:\Users\eloma\.m2\repository\io\micrometer\micrometer-observation\1.10.4\micrometer-observation-1.10.4.jar
C:\Users\eloma\.m2\repository\io\micrometer\micrometer-commons\1.10.4\micrometer-commons-1.10.4.jar
C:\Users\eloma\.m2\repository\org\springframework\spring-webmvc\6.0.5\spring-webmvc-6.0.5.jar
C:\Users\eloma\.m2\repository\org\springframework\spring-expression\6.0.5\spring-expression-6.0.5.jar
C:\Users\eloma\.m2\repository\org\springframework\boot\spring-boot-starter-thymeleaf\3.0.3\spring-boot-starter-thymeleaf-3.0.3.jar
C:\Users\eloma\.m2\repository\org\thymeleaf\thymeleaf-spring6\3.1.1.RELEASE\thymeleaf-spring6-3.1.1.RELEASE.jar
C:\Users\eloma\.m2\repository\org\thymeleaf\thymeleaf\3.1.1.RELEASE\thymeleaf-3.1.1.RELEASE.jar
C:\Users\eloma\.m2\repository\org\attoparser\attoparser\2.0.6.RELEASE\attoparser-2.0.6.RELEASE.jar
C:\Users\eloma\.m2\repository\org\unbescape\unbescape\1.1.6.RELEASE\unbescape-1.1.6.RELEASE.jar
C:\Users\eloma\.m2\repository\org\thymeleaf\extras\thymeleaf-extras-springsecurity6\3.1.1.RELEASE\thymeleaf-extras-springsecurity6-3.1.1.RELEASE.jar
C:\Users\eloma\.m2\repository\org\slf4j\slf4j-api\2.0.6\slf4j-api-2.0.6.jar
C:\Users\eloma\.m2\repository\org\springframework\boot\spring-boot-devtools\3.0.3\spring-boot-devtools-3.0.3.jar
C:\Users\eloma\.m2\repository\org\projectlombok\lombok\1.18.26\lombok-1.18.26.jar
C:\Users\eloma\.m2\repository\org\springframework\boot\spring-boot-starter-validation\3.0.3\spring-boot-starter-validation-3.0.3.jar
C:\Users\eloma\.m2\repository\org\apache\tomcat\embed\tomcat-embed-el\10.1.5\tomcat-embed-el-10.1.5.jar
C:\Users\eloma\.m2\repository\org\hibernate\validator\hibernate-validator\8.0.0.Final\hibernate-validator-8.0.0.Final.jar
C:\Users\eloma\.m2\repository\jakarta\validation\jakarta.validation-api\3.0.2\jakarta.validation-api-3.0.2.jar
C:\Users\eloma\.m2\repository\org\springframework\boot\spring-boot-starter-security\3.0.3\spring-boot-starter-security-3.0.3.jar
C:\Users\eloma\.m2\repository\org\springframework\spring-aop\6.0.5\spring-aop-6.0.5.jar
C:\Users\eloma\.m2\repository\org\springframework\security\spring-security-config\6.0.2\spring-security-config-6.0.2.jar
C:\Users\eloma\.m2\repository\org\springframework\security\spring-security-core\6.0.2\spring-security-core-6.0.2.jar
C:\Users\eloma\.m2\repository\org\springframework\security\spring-security-crypto\6.0.2\spring-security-crypto-6.0.2.jar
C:\Users\eloma\.m2\repository\org\springframework\security\spring-security-web\6.0.2\spring-security-web-6.0.2.jar
C:\Users\eloma\.m2\repository\org\springframework\boot\spring-boot-starter-aop\3.0.3\spring-boot-starter-aop-3.0.3.jar
C:\Users\eloma\.m2\repository\org\aspectj\aspectjweaver\1.9.19\aspectjweaver-1.9.19.jar
C:\Users\eloma\.m2\repository\org\springframework\boot\spring-boot-starter-jdbc\3.0.3\spring-boot-starter-jdbc-3.0.3.jar
C:\Users\eloma\.m2\repository\com\zaxxer\HikariCP\5.0.1\HikariCP-5.0.1.jar
C:\Users\eloma\.m2\repository\org\springframework\spring-jdbc\6.0.5\spring-jdbc-6.0.5.jar
C:\Users\eloma\.m2\repository\org\hibernate\orm\hibernate-core\6.2.1.Final\hibernate-core-6.2.1.Final.jar
C:\Users\eloma\.m2\repository\jakarta\persistence\jakarta.persistence-api\3.1.0\jakarta.persistence-api-3.1.0.jar
C:\Users\eloma\.m2\repository\jakarta\transaction\jakarta.transaction-api\2.0.1\jakarta.transaction-api-2.0.1.jar
C:\Users\eloma\.m2\repository\org\jboss\logging\jboss-logging\3.5.0.Final\jboss-logging-3.5.0.Final.jar
C:\Users\eloma\.m2\repository\org\hibernate\common\hibernate-commons-annotations\6.0.6.Final\hibernate-commons-annotations-6.0.6.Final.jar
C:\Users\eloma\.m2\repository\io\smallrye\jandex\3.0.5\jandex-3.0.5.jar
C:\Users\eloma\.m2\repository\com\fasterxml\classmate\1.5.1\classmate-1.5.1.jar
C:\Users\eloma\.m2\repository\net\bytebuddy\byte-buddy\1.12.23\byte-buddy-1.12.23.jar
C:\Users\eloma\.m2\repository\jakarta\xml\bind\jakarta.xml.bind-api\4.0.0\jakarta.xml.bind-api-4.0.0.jar
C:\Users\eloma\.m2\repository\jakarta\activation\jakarta.activation-api\2.1.1\jakarta.activation-api-2.1.1.jar
C:\Users\eloma\.m2\repository\org\glassfish\jaxb\jaxb-runtime\4.0.2\jaxb-runtime-4.0.2.jar
C:\Users\eloma\.m2\repository\org\glassfish\jaxb\jaxb-core\4.0.2\jaxb-core-4.0.2.jar
C:\Users\eloma\.m2\repository\org\eclipse\angus\angus-activation\2.0.0\angus-activation-2.0.0.jar
C:\Users\eloma\.m2\repository\org\glassfish\jaxb\txw2\4.0.2\txw2-4.0.2.jar
C:\Users\eloma\.m2\repository\com\sun\istack\istack-commons-runtime\4.1.1\istack-commons-runtime-4.1.1.jar
C:\Users\eloma\.m2\repository\jakarta\inject\jakarta.inject-api\2.0.1\jakarta.inject-api-2.0.1.jar
C:\Users\eloma\.m2\repository\org\antlr\antlr4-runtime\4.10.1\antlr4-runtime-4.10.1.jar
C:\Users\eloma\.m2\repository\org\springframework\data\spring-data-jpa\3.0.2\spring-data-jpa-3.0.2.jar
C:\Users\eloma\.m2\repository\org\springframework\data\spring-data-commons\3.0.2\spring-data-commons-3.0.2.jar
C:\Users\eloma\.m2\repository\org\springframework\spring-orm\6.0.5\spring-orm-6.0.5.jar
C:\Users\eloma\.m2\repository\org\springframework\spring-context\6.0.5\spring-context-6.0.5.jar
C:\Users\eloma\.m2\repository\org\springframework\spring-tx\6.0.5\spring-tx-6.0.5.jar
C:\Users\eloma\.m2\repository\org\springframework\spring-beans\6.0.5\spring-beans-6.0.5.jar
C:\Users\eloma\.m2\repository\org\springframework\spring-aspects\6.0.5\spring-aspects-6.0.5.jar
C:\Users\eloma\.m2\repository\com\mysql\mysql-connector-j\8.0.32\mysql-connector-j-8.0.32.jar
C:\Users\eloma\.m2\repository\com\fasterxml\jackson\dataformat\jackson-dataformat-xml\2.14.2\jackson-dataformat-xml-2.14.2.jar
C:\Users\eloma\.m2\repository\com\fasterxml\jackson\core\jackson-core\2.14.2\jackson-core-2.14.2.jar
C:\Users\eloma\.m2\repository\com\fasterxml\jackson\core\jackson-annotations\2.14.2\jackson-annotations-2.14.2.jar
C:\Users\eloma\.m2\repository\com\fasterxml\jackson\core\jackson-databind\2.14.2\jackson-databind-2.14.2.jar
C:\Users\eloma\.m2\repository\org\codehaus\woodstox\stax2-api\4.2.1\stax2-api-4.2.1.jar
C:\Users\eloma\.m2\repository\com\fasterxml\woodstox\woodstox-core\6.5.0\woodstox-core-6.5.0.jar
C:\Users\eloma\.m2\repository\org\springframework\boot\spring-boot-starter-test\3.0.3\spring-boot-starter-test-3.0.3.jar
C:\Users\eloma\.m2\repository\org\springframework\boot\spring-boot-test\3.0.3\spring-boot-test-3.0.3.jar
C:\Users\eloma\.m2\repository\org\springframework\boot\spring-boot-test-autoconfigure\3.0.3\spring-boot-test-autoconfigure-3.0.3.jar
C:\Users\eloma\.m2\repository\com\jayway\jsonpath\json-path\2.7.0\json-path-2.7.0.jar
C:\Users\eloma\.m2\repository\net\minidev\json-smart\2.4.8\json-smart-2.4.8.jar
C:\Users\eloma\.m2\repository\net\minidev\accessors-smart\2.4.8\accessors-smart-2.4.8.jar
C:\Users\eloma\.m2\repository\org\ow2\asm\asm\9.1\asm-9.1.jar
C:\Users\eloma\.m2\repository\org\assertj\assertj-core\3.23.1\assertj-core-3.23.1.jar
C:\Users\eloma\.m2\repository\org\hamcrest\hamcrest\2.2\hamcrest-2.2.jar
C:\Users\eloma\.m2\repository\org\junit\jupiter\junit-jupiter\5.9.2\junit-jupiter-5.9.2.jar
C:\Users\eloma\.m2\repository\org\junit\jupiter\junit-jupiter-api\5.9.2\junit-jupiter-api-5.9.2.jar
C:\Users\eloma\.m2\repository\org\opentest4j\opentest4j\1.2.0\opentest4j-1.2.0.jar
C:\Users\eloma\.m2\repository\org\junit\platform\junit-platform-commons\1.9.2\junit-platform-commons-1.9.2.jar
C:\Users\eloma\.m2\repository\org\apiguardian\apiguardian-api\1.1.2\apiguardian-api-1.1.2.jar
C:\Users\eloma\.m2\repository\org\junit\jupiter\junit-jupiter-params\5.9.2\junit-jupiter-params-5.9.2.jar
C:\Users\eloma\.m2\repository\org\junit\jupiter\junit-jupiter-engine\5.9.2\junit-jupiter-engine-5.9.2.jar
C:\Users\eloma\.m2\repository\org\junit\platform\junit-platform-engine\1.9.2\junit-platform-engine-1.9.2.jar
C:\Users\eloma\.m2\repository\org\mockito\mockito-core\4.8.1\mockito-core-4.8.1.jar
C:\Users\eloma\.m2\repository\net\bytebuddy\byte-buddy-agent\1.12.23\byte-buddy-agent-1.12.23.jar
C:\Users\eloma\.m2\repository\org\objenesis\objenesis\3.2\objenesis-3.2.jar
C:\Users\eloma\.m2\repository\org\mockito\mockito-junit-jupiter\4.8.1\mockito-junit-jupiter-4.8.1.jar
C:\Users\eloma\.m2\repository\org\skyscreamer\jsonassert\1.5.1\jsonassert-1.5.1.jar
C:\Users\eloma\.m2\repository\com\vaadin\external\google\android-json\0.0.20131108.vaadin1\android-json-0.0.20131108.vaadin1.jar
C:\Users\eloma\.m2\repository\org\springframework\spring-test\6.0.5\spring-test-6.0.5.jar
C:\Users\eloma\.m2\repository\org\xmlunit\xmlunit-core\2.9.1\xmlunit-core-2.9.1.jar
C:\Users\eloma\.m2\repository\io\jsonwebtoken\jjwt-api\0.11.5\jjwt-api-0.11.5.jar
C:\Users\eloma\.m2\repository\io\jsonwebtoken\jjwt-impl\0.11.5\jjwt-impl-0.11.5.jar
C:\Users\eloma\.m2\repository\io\jsonwebtoken\jjwt-jackson\0.11.5\jjwt-jackson-0.11.5.jar
C:\Users\eloma\.m2\repository\org\mapstruct\mapstruct\1.5.3.Final\mapstruct-1.5.3.Final.jar
C:\Users\eloma\.m2\repository\org\projectlombok\lombok-mapstruct-binding\0.2.0\lombok-mapstruct-binding-0.2.0.jar
C:\Users\eloma\.m2\repository\org\json\json\20230227\json-20230227.jar
C:\Users\eloma\.m2\repository\org\springframework\spring-websocket\6.0.8\spring-websocket-6.0.8.jar
C:\Users\eloma\.m2\repository\org\springframework\spring-messaging\6.0.8\spring-messaging-6.0.8.jar
C:\Users\eloma\.m2\repository\org\springdoc\springdoc-openapi-starter-webmvc-ui\2.1.0\springdoc-openapi-starter-webmvc-ui-2.1.0.jar
C:\Users\eloma\.m2\repository\org\springdoc\springdoc-openapi-starter-webmvc-api\2.1.0\springdoc-openapi-starter-webmvc-api-2.1.0.jar
C:\Users\eloma\.m2\repository\org\springdoc\springdoc-openapi-starter-common\2.1.0\springdoc-openapi-starter-common-2.1.0.jar
C:\Users\eloma\.m2\repository\io\swagger\core\v3\swagger-core-jakarta\2.2.9\swagger-core-jakarta-2.2.9.jar
C:\Users\eloma\.m2\repository\org\apache\commons\commons-lang3\3.12.0\commons-lang3-3.12.0.jar
C:\Users\eloma\.m2\repository\io\swagger\core\v3\swagger-annotations-jakarta\2.2.9\swagger-annotations-jakarta-2.2.9.jar
C:\Users\eloma\.m2\repository\io\swagger\core\v3\swagger-models-jakarta\2.2.9\swagger-models-jakarta-2.2.9.jar
C:\Users\eloma\.m2\repository\com\fasterxml\jackson\dataformat\jackson-dataformat-yaml\2.14.2\jackson-dataformat-yaml-2.14.2.jar
C:\Users\eloma\.m2\repository\org\webjars\swagger-ui\4.18.2\swagger-ui-4.18.2.jar
16:37:44.944 [INFO]  [Checking] Detected Spring Core version 6.0.5
16:37:44.944 [INFO]  [Checking] Detected Spring Web version 6.0.5
16:37:44.947 [INFO]  [Checking] Detected Spring Test version 6.0.5
16:37:44.947 [INFO]  [Checking] Detected Spring Security Web version 6.0.2
16:37:44.947 [INFO]  [Checking] Detected Spring Boot version 3.0.3
16:37:44.947 [INFO]  [Checking] Detected Spring Boot Test version 3.0.3
16:37:45.033 [INFO]  [Checking] Detected test framework: JUnit Jupiter 5.9.2
16:37:45.074 [INFO]  [Checking] Detected JUnit Jupiter version 5.9.2
16:37:45.106 [INFO]  [Checking] Detected JUnit Jupiter Params version 5.9.2
16:37:45.207 [INFO]  [Checking] Detected Mockito version 4.8.1
16:37:45.683 [INFO]  [Checking] Indexing...
16:37:46.072 [INFO]  [Checking] Selected test output directory: C:\Users\eloma\IdeaProjects\ObservatoireUIZ\src\test\java
16:37:46.074 [INFO]  [Checking] Maven Using ${maven.home} of: C:\Users\eloma\IdeaProjects\ObservatoireUIZ.
16:37:46.082 [INFO]  [Checking] Maven Executing: cmd.exe /X /C "C:\Users\eloma\IdeaProjects\ObservatoireUIZ\mvnw.cmd -B -D test=DummyJupiterDiffblueTest -D "maven.ext.class.path=C:\Program Files\Diffblue\cover-buildsystem-maven-spy-jar-with-dependencies.jar" test"
16:37:54.130 [INFO]  [Checking] Standard output of build tool (Maven)
16:37:54.130 [INFO]  [Checking] > [INFO] Scanning for projects...
16:37:54.130 [INFO]  [Checking] > [INFO] 
16:37:54.130 [INFO]  [Checking] > [INFO] -----------------------< ma.uiz:ObservatoireUIZ >-----------------------
16:37:54.130 [INFO]  [Checking] > [INFO] Building ObservatoireUIZ 0.0.1-SNAPSHOT
16:37:54.130 [INFO]  [Checking] > [INFO] --------------------------------[ jar ]---------------------------------
16:37:54.130 [INFO]  [Checking] > [DIFFBLUE]DefaultEvent{projectId='ma.uiz:ObservatoireUIZ:jar:0.0.1-SNAPSHOT', goal='resources', cause=, state=STARTED}
16:37:54.130 [INFO]  [Checking] > [INFO] 
16:37:54.130 [INFO]  [Checking] > [INFO] --- maven-resources-plugin:3.3.0:resources (default-resources) @ ObservatoireUIZ ---
16:37:54.130 [INFO]  [Checking] > [INFO] Copying 1 resource
16:37:54.130 [INFO]  [Checking] > [INFO] Copying 5 resources
16:37:54.130 [INFO]  [Checking] > [DIFFBLUE]DefaultEvent{projectId='ma.uiz:ObservatoireUIZ:jar:0.0.1-SNAPSHOT', goal='resources', cause=, state=SUCCESS}
16:37:54.130 [INFO]  [Checking] > [DIFFBLUE]DefaultEvent{projectId='ma.uiz:ObservatoireUIZ:jar:0.0.1-SNAPSHOT', goal='compile', cause=, state=STARTED}
16:37:54.130 [INFO]  [Checking] > [INFO] 
16:37:54.130 [INFO]  [Checking] > [INFO] --- maven-compiler-plugin:3.8.1:compile (default-compile) @ ObservatoireUIZ ---
16:37:54.130 [INFO]  [Checking] > [INFO] Nothing to compile - all classes are up to date
16:37:54.130 [INFO]  [Checking] > [DIFFBLUE]DefaultEvent{projectId='ma.uiz:ObservatoireUIZ:jar:0.0.1-SNAPSHOT', goal='compile', cause=, state=SUCCESS}
16:37:54.130 [INFO]  [Checking] > [DIFFBLUE]DefaultEvent{projectId='ma.uiz:ObservatoireUIZ:jar:0.0.1-SNAPSHOT', goal='testResources', cause=, state=STARTED}
16:37:54.130 [INFO]  [Checking] > [INFO] 
16:37:54.130 [INFO]  [Checking] > [INFO] --- maven-resources-plugin:3.3.0:testResources (default-testResources) @ ObservatoireUIZ ---
16:37:54.130 [INFO]  [Checking] > [INFO] skip non existing resourceDirectory C:\Users\eloma\IdeaProjects\ObservatoireUIZ\src\test\resources
16:37:54.130 [INFO]  [Checking] > [DIFFBLUE]DefaultEvent{projectId='ma.uiz:ObservatoireUIZ:jar:0.0.1-SNAPSHOT', goal='testResources', cause=, state=SUCCESS}
16:37:54.130 [INFO]  [Checking] > [DIFFBLUE]DefaultEvent{projectId='ma.uiz:ObservatoireUIZ:jar:0.0.1-SNAPSHOT', goal='testCompile', cause=, state=STARTED}
16:37:54.130 [INFO]  [Checking] > [INFO] 
16:37:54.130 [INFO]  [Checking] > [INFO] --- maven-compiler-plugin:3.8.1:testCompile (default-testCompile) @ ObservatoireUIZ ---
16:37:54.130 [INFO]  [Checking] > [INFO] Changes detected - recompiling the module!
16:37:54.130 [INFO]  [Checking] > [INFO] Compiling 43 source files to C:\Users\eloma\IdeaProjects\ObservatoireUIZ\target\test-classes
16:37:54.130 [INFO]  [Checking] > [INFO] /C:/Users/eloma/IdeaProjects/ObservatoireUIZ/src/test/java/ma/uiz/observatoire/controller/DiplomaTypeControllerDiffblueTest.java: Some input files use or override a deprecated API.
16:37:54.130 [INFO]  [Checking] > [INFO] /C:/Users/eloma/IdeaProjects/ObservatoireUIZ/src/test/java/ma/uiz/observatoire/controller/DiplomaTypeControllerDiffblueTest.java: Recompile with -Xlint:deprecation for details.
16:37:54.130 [INFO]  [Checking] > [DIFFBLUE]DefaultEvent{projectId='ma.uiz:ObservatoireUIZ:jar:0.0.1-SNAPSHOT', goal='testCompile', cause=, state=SUCCESS}
16:37:54.130 [INFO]  [Checking] > [DIFFBLUE]DefaultEvent{projectId='ma.uiz:ObservatoireUIZ:jar:0.0.1-SNAPSHOT', goal='test', cause=, state=STARTED}
16:37:54.130 [INFO]  [Checking] > [INFO] 
16:37:54.130 [INFO]  [Checking] > [INFO] --- maven-surefire-plugin:2.22.2:test (default-test) @ ObservatoireUIZ ---
16:37:54.130 [INFO]  [Checking] > [INFO] 
16:37:54.130 [INFO]  [Checking] > [INFO] -------------------------------------------------------
16:37:54.130 [INFO]  [Checking] > [INFO]  T E S T S
16:37:54.130 [INFO]  [Checking] > [INFO] -------------------------------------------------------
16:37:54.130 [INFO]  [Checking] > [INFO] Running org.example.jupiter.DummyJupiterDiffblueTest
16:37:54.130 [INFO]  [Checking] > [INFO] Tests run: 1, Failures: 0, Errors: 0, Skipped: 0, Time elapsed: 0.019 s - in org.example.jupiter.DummyJupiterDiffblueTest
16:37:54.130 [INFO]  [Checking] > [INFO] 
16:37:54.130 [INFO]  [Checking] > [INFO] Results:
16:37:54.130 [INFO]  [Checking] > [INFO] 
16:37:54.130 [INFO]  [Checking] > [INFO] Tests run: 1, Failures: 0, Errors: 0, Skipped: 0
16:37:54.130 [INFO]  [Checking] > [INFO] 
16:37:54.130 [INFO]  [Checking] > [DIFFBLUE]DefaultEvent{projectId='ma.uiz:ObservatoireUIZ:jar:0.0.1-SNAPSHOT', goal='test', cause=, state=SUCCESS}
16:37:54.130 [INFO]  [Checking] > [INFO] ------------------------------------------------------------------------
16:37:54.130 [INFO]  [Checking] > [INFO] BUILD SUCCESS
16:37:54.130 [INFO]  [Checking] > [INFO] ------------------------------------------------------------------------
16:37:54.130 [INFO]  [Checking] > [INFO] Total time:  6.460 s
16:37:54.130 [INFO]  [Checking] > [INFO] Finished at: 2023-11-19T16:37:53+01:00
16:37:54.130 [INFO]  [Checking] > [INFO] ------------------------------------------------------------------------
16:37:54.134 [INFO]  [Checking] Selected test framework: JUnit Jupiter
16:37:54.233 [INFO]  [Checking] Maven Using ${maven.home} of: C:\Users\eloma\IdeaProjects\ObservatoireUIZ.
16:37:54.233 [INFO]  [Checking] Maven Executing: cmd.exe /X /C "C:\Users\eloma\IdeaProjects\ObservatoireUIZ\mvnw.cmd -B -D test=DummyJUnitJupiterLauncherDiffblueTest -D "maven.ext.class.path=C:\Program Files\Diffblue\cover-buildsystem-maven-spy-jar-with-dependencies.jar" test"
16:38:02.323 [INFO]  [Checking] Standard output of build tool (Maven)
16:38:02.323 [INFO]  [Checking] > [INFO] Scanning for projects...
16:38:02.323 [INFO]  [Checking] > [INFO] 
16:38:02.323 [INFO]  [Checking] > [INFO] -----------------------< ma.uiz:ObservatoireUIZ >-----------------------
16:38:02.323 [INFO]  [Checking] > [INFO] Building ObservatoireUIZ 0.0.1-SNAPSHOT
16:38:02.323 [INFO]  [Checking] > [INFO] --------------------------------[ jar ]---------------------------------
16:38:02.323 [INFO]  [Checking] > [DIFFBLUE]DefaultEvent{projectId='ma.uiz:ObservatoireUIZ:jar:0.0.1-SNAPSHOT', goal='resources', cause=, state=STARTED}
16:38:02.323 [INFO]  [Checking] > [INFO] 
16:38:02.323 [INFO]  [Checking] > [INFO] --- maven-resources-plugin:3.3.0:resources (default-resources) @ ObservatoireUIZ ---
16:38:02.323 [INFO]  [Checking] > [INFO] Copying 1 resource
16:38:02.323 [INFO]  [Checking] > [INFO] Copying 5 resources
16:38:02.323 [INFO]  [Checking] > [DIFFBLUE]DefaultEvent{projectId='ma.uiz:ObservatoireUIZ:jar:0.0.1-SNAPSHOT', goal='resources', cause=, state=SUCCESS}
16:38:02.323 [INFO]  [Checking] > [DIFFBLUE]DefaultEvent{projectId='ma.uiz:ObservatoireUIZ:jar:0.0.1-SNAPSHOT', goal='compile', cause=, state=STARTED}
16:38:02.323 [INFO]  [Checking] > [INFO] 
16:38:02.323 [INFO]  [Checking] > [INFO] --- maven-compiler-plugin:3.8.1:compile (default-compile) @ ObservatoireUIZ ---
16:38:02.323 [INFO]  [Checking] > [INFO] Nothing to compile - all classes are up to date
16:38:02.323 [INFO]  [Checking] > [DIFFBLUE]DefaultEvent{projectId='ma.uiz:ObservatoireUIZ:jar:0.0.1-SNAPSHOT', goal='compile', cause=, state=SUCCESS}
16:38:02.323 [INFO]  [Checking] > [DIFFBLUE]DefaultEvent{projectId='ma.uiz:ObservatoireUIZ:jar:0.0.1-SNAPSHOT', goal='testResources', cause=, state=STARTED}
16:38:02.323 [INFO]  [Checking] > [INFO] 
16:38:02.323 [INFO]  [Checking] > [INFO] --- maven-resources-plugin:3.3.0:testResources (default-testResources) @ ObservatoireUIZ ---
16:38:02.323 [INFO]  [Checking] > [INFO] skip non existing resourceDirectory C:\Users\eloma\IdeaProjects\ObservatoireUIZ\src\test\resources
16:38:02.323 [INFO]  [Checking] > [DIFFBLUE]DefaultEvent{projectId='ma.uiz:ObservatoireUIZ:jar:0.0.1-SNAPSHOT', goal='testResources', cause=, state=SUCCESS}
16:38:02.323 [INFO]  [Checking] > [DIFFBLUE]DefaultEvent{projectId='ma.uiz:ObservatoireUIZ:jar:0.0.1-SNAPSHOT', goal='testCompile', cause=, state=STARTED}
16:38:02.323 [INFO]  [Checking] > [INFO] 
16:38:02.323 [INFO]  [Checking] > [INFO] --- maven-compiler-plugin:3.8.1:testCompile (default-testCompile) @ ObservatoireUIZ ---
16:38:02.323 [INFO]  [Checking] > [INFO] Changes detected - recompiling the module!
16:38:02.323 [INFO]  [Checking] > [INFO] Compiling 43 source files to C:\Users\eloma\IdeaProjects\ObservatoireUIZ\target\test-classes
16:38:02.323 [INFO]  [Checking] > [INFO] /C:/Users/eloma/IdeaProjects/ObservatoireUIZ/src/test/java/ma/uiz/observatoire/controller/DiplomaTypeControllerDiffblueTest.java: Some input files use or override a deprecated API.
16:38:02.323 [INFO]  [Checking] > [INFO] /C:/Users/eloma/IdeaProjects/ObservatoireUIZ/src/test/java/ma/uiz/observatoire/controller/DiplomaTypeControllerDiffblueTest.java: Recompile with -Xlint:deprecation for details.
16:38:02.323 [INFO]  [Checking] > [DIFFBLUE]DefaultEvent{projectId='ma.uiz:ObservatoireUIZ:jar:0.0.1-SNAPSHOT', goal='testCompile', cause=, state=SUCCESS}
16:38:02.323 [INFO]  [Checking] > [DIFFBLUE]DefaultEvent{projectId='ma.uiz:ObservatoireUIZ:jar:0.0.1-SNAPSHOT', goal='test', cause=, state=STARTED}
16:38:02.323 [INFO]  [Checking] > [INFO] 
16:38:02.323 [INFO]  [Checking] > [INFO] --- maven-surefire-plugin:2.22.2:test (default-test) @ ObservatoireUIZ ---
16:38:02.323 [INFO]  [Checking] > [INFO] 
16:38:02.323 [INFO]  [Checking] > [INFO] -------------------------------------------------------
16:38:02.323 [INFO]  [Checking] > [INFO]  T E S T S
16:38:02.323 [INFO]  [Checking] > [INFO] -------------------------------------------------------
16:38:02.323 [INFO]  [Checking] > [INFO] Running DummyJUnitJupiterLauncherDiffblueTest
16:38:02.323 [INFO]  [Checking] > (diffblue)C:\Users\eloma\.m2\repository\org\junit\platform\junit-platform-launcher\1.3.1\junit-platform-launcher-1.3.1.jar(/diffblue)
16:38:02.323 [INFO]  [Checking] > [INFO] Tests run: 1, Failures: 0, Errors: 0, Skipped: 0, Time elapsed: 0.029 s - in DummyJUnitJupiterLauncherDiffblueTest
16:38:02.323 [INFO]  [Checking] > [INFO] 
16:38:02.323 [INFO]  [Checking] > [INFO] Results:
16:38:02.323 [INFO]  [Checking] > [INFO] 
16:38:02.323 [INFO]  [Checking] > [INFO] Tests run: 1, Failures: 0, Errors: 0, Skipped: 0
16:38:02.323 [INFO]  [Checking] > [INFO] 
16:38:02.323 [INFO]  [Checking] > [DIFFBLUE]DefaultEvent{projectId='ma.uiz:ObservatoireUIZ:jar:0.0.1-SNAPSHOT', goal='test', cause=, state=SUCCESS}
16:38:02.323 [INFO]  [Checking] > [INFO] ------------------------------------------------------------------------
16:38:02.323 [INFO]  [Checking] > [INFO] BUILD SUCCESS
16:38:02.323 [INFO]  [Checking] > [INFO] ------------------------------------------------------------------------
16:38:02.323 [INFO]  [Checking] > [INFO] Total time:  6.534 s
16:38:02.323 [INFO]  [Checking] > [INFO] Finished at: 2023-11-19T16:38:01+01:00
16:38:02.323 [INFO]  [Checking] > [INFO] ------------------------------------------------------------------------
16:38:02.383 [INFO]  [Checking] Detected Hamcrest 2 version 2.2
16:38:02.389 [INFO]  [Checking] Detected JVM architecture: 64-Bit
16:38:04.614 [INFO]  [Checking] Selected Java language compliance level: 17
16:38:04.614 [INFO]  [Checking] Selected test validation: enabled
16:38:04.622 [INFO]  [Checking] Prefixes for filtering classes/methods:
16:38:04.623 [INFO]  [Checking] - ma.uiz.observatoire.repository.AccountRepository
16:38:04.623 [INFO]  [Checking] Gathering methods to test...
16:38:05.294 [INFO]  [Reporting] 
16:38:05.294 [INFO]  [Reporting] Environment summary:
16:38:05.294 [INFO]  [Reporting] --------------------
16:38:05.294 [INFO]  [Reporting] Java version                  17.0.8                        SUCCESS        
16:38:05.294 [INFO]  [Reporting] Build system                  Maven                         SUCCESS        
16:38:05.294 [INFO]  [Reporting] Mocking Framework             Mockito 4.8.1                 SUCCESS        
16:38:05.294 [INFO]  [Reporting] Surefire version              2.22.2                        SUCCESS        
16:38:05.294 [INFO]  [Reporting] Testing framework             JUnit Jupiter 5               SUCCESS        
16:38:05.294 [INFO]  [Reporting] Launcher                      JUnit Jupiter                 SUCCESS        
16:38:05.294 [INFO]  [Reporting] Test validation               Enabled                       SUCCESS        
16:38:05.294 [INFO]  [Reporting] Hamcrest                      Hamcrest 2 2.2                SUCCESS        
16:38:05.294 [INFO]  [Reporting] Spring Core                   6.0.5                         SUCCESS        
16:38:05.294 [INFO]  [Reporting] Spring Boot                   3.0.3                         SUCCESS        
16:38:05.294 [INFO]  [Reporting] Spring Boot Test              3.0.3                         SUCCESS        
16:38:05.294 [INFO]  [Reporting] Spring Web                    6.0.5                         SUCCESS        
16:38:05.294 [INFO]  [Reporting] Spring Security Web           6.0.2                         SUCCESS        
16:38:05.294 [INFO]  [Reporting] Spring Test                   6.0.5                         SUCCESS        
16:38:05.294 [INFO]  [Reporting] 
16:38:05.294 [INFO]  [Reporting] Environment check status: SUCCESS
16:38:05.334 [INFO]  [Creating] Found 35 callable methods in 1 class
16:38:05.334 [INFO]  [Creating] 
16:38:05.334 [INFO]  [Creating] Creating tests:
16:38:05.334 [INFO]  [Creating] ---------------
16:38:05.354 [INFO]  [Creating] 
================================================================================
= Starting analysis for class 'ma.uiz.observatoire.repository.AccountRepository'
================================================================================
16:38:05.354 [INFO]  [Creating] Filtering out non-testable methods...
16:38:07.286 [INFO]  [Creating] Filtering of methods complete. Creating analysis request
16:38:07.293 [INFO]  [Creating] Attempting to get service client, retry 1.
16:38:07.293 [INFO]  [Creating] Starting monitoring server.
16:38:07.514 [INFO]  [Creating] Monitoring server listening on localhost/127.0.0.1:52527
16:38:07.649 [INFO]  [Creating] Starting analyzer server process...
16:38:07.649 [INFO]  [Creating] Server command-line: C:\Program Files\Java\jdk-17\bin\java.exe -XX:+IgnoreUnrecognizedVMOptions -Djdk.attach.allowAttachSelf=true -ea -javaagent:C:\Program Files\Diffblue\launcher-shared-jar.jar -Dlogback.configurationFile=C:\Users\eloma\AppData\Local\Temp\diffblue\config\logback-remote-service.xml -Dcom.diffblue.springIsolationJar=C:\Program Files\Diffblue\cover-isolation-layer.jar -Dcover.jar.path=C:\Program Files\Diffblue\cover-service-analyzer.jar -Dcom.diffblue.assertionSuggestionJar=C:\Program Files\Diffblue\cover-service-analyzer.jar -Dcover.main.class=com.diffblue.cover.service.analyzer.Main -jar C:\Program Files\Diffblue\launcher-shared-jar.jar --service-lifespan 120 --monitoring-service-port 52527 --index-service-port 52527 --debug-log
16:38:07.653 [INFO]  [Creating] Server started. Waiting up to 300 seconds for a connection to be established...
16:38:08.573 [INFO]  [Creating] Starting new remote monitor client
16:38:09.452 [INFO]  [Creating] Attempting to start remote server.
16:38:09.683 [INFO]  [Creating] Server started, listening on localhost/127.0.0.1:52529
16:38:10.678 [INFO]  [Creating] Expect analyzer service to be listening on port 52529.
16:38:11.314 [INFO]  [Creating] Started analyzer service and client retrieved.
16:38:23.382 [INFO]  [Creating]      [1/35] ma.uiz.observatoire.repository.AccountRepository.count
16:38:23.382 [INFO]  [Creating]      [2/35] ma.uiz.observatoire.repository.AccountRepository.count
16:38:23.382 [INFO]  [Creating]      [3/35] ma.uiz.observatoire.repository.AccountRepository.delete
16:38:23.382 [INFO]  [Creating]      [4/35] ma.uiz.observatoire.repository.AccountRepository.deleteAll
16:38:23.382 [INFO]  [Creating]      [5/35] ma.uiz.observatoire.repository.AccountRepository.deleteAll
16:38:23.382 [INFO]  [Creating]      [6/35] ma.uiz.observatoire.repository.AccountRepository.deleteAllById
16:38:23.382 [INFO]  [Creating]      [7/35] ma.uiz.observatoire.repository.AccountRepository.deleteAllByIdInBatch
16:38:23.382 [INFO]  [Creating]      [8/35] ma.uiz.observatoire.repository.AccountRepository.deleteAllInBatch
16:38:23.382 [INFO]  [Creating]      [9/35] ma.uiz.observatoire.repository.AccountRepository.deleteAllInBatch
16:38:23.382 [INFO]  [Creating]     [10/35] ma.uiz.observatoire.repository.AccountRepository.deleteById
16:38:23.382 [INFO]  [Creating]     [11/35] ma.uiz.observatoire.repository.AccountRepository.deleteInBatch
16:38:23.382 [INFO]  [Creating]     [12/35] ma.uiz.observatoire.repository.AccountRepository.exists
16:38:23.382 [INFO]  [Creating]     [13/35] ma.uiz.observatoire.repository.AccountRepository.existsById
16:38:23.382 [INFO]  [Creating]     [14/35] ma.uiz.observatoire.repository.AccountRepository.findAccountByConversationsConversationId
16:38:23.382 [INFO]  [Creating]     [15/35] ma.uiz.observatoire.repository.AccountRepository.findAll
16:38:23.382 [INFO]  [Creating]     [16/35] ma.uiz.observatoire.repository.AccountRepository.findAll
16:38:23.382 [INFO]  [Creating]     [17/35] ma.uiz.observatoire.repository.AccountRepository.findAll
16:38:23.382 [INFO]  [Creating]     [18/35] ma.uiz.observatoire.repository.AccountRepository.findAll
16:38:23.382 [INFO]  [Creating]     [19/35] ma.uiz.observatoire.repository.AccountRepository.findAll
16:38:23.382 [INFO]  [Creating]     [20/35] ma.uiz.observatoire.repository.AccountRepository.findAll
16:38:23.382 [INFO]  [Creating]     [21/35] ma.uiz.observatoire.repository.AccountRepository.findAllById
16:38:23.382 [INFO]  [Creating]     [22/35] ma.uiz.observatoire.repository.AccountRepository.findBy
16:38:23.382 [INFO]  [Creating]     [23/35] ma.uiz.observatoire.repository.AccountRepository.findByEmail
16:38:23.382 [INFO]  [Creating]     [24/35] ma.uiz.observatoire.repository.AccountRepository.findById
16:38:23.382 [INFO]  [Creating]     [25/35] ma.uiz.observatoire.repository.AccountRepository.findCompany
16:38:23.382 [INFO]  [Creating]     [26/35] ma.uiz.observatoire.repository.AccountRepository.findOne
16:38:23.383 [INFO]  [Creating]     [27/35] ma.uiz.observatoire.repository.AccountRepository.findStudent
16:38:23.383 [INFO]  [Creating]     [28/35] ma.uiz.observatoire.repository.AccountRepository.flush
16:38:23.383 [INFO]  [Creating]     [29/35] ma.uiz.observatoire.repository.AccountRepository.getById
16:38:23.383 [INFO]  [Creating]     [30/35] ma.uiz.observatoire.repository.AccountRepository.getOne
16:38:23.383 [INFO]  [Creating]     [31/35] ma.uiz.observatoire.repository.AccountRepository.getReferenceById
16:38:23.383 [INFO]  [Creating]     [32/35] ma.uiz.observatoire.repository.AccountRepository.save
16:38:23.383 [INFO]  [Creating]     [33/35] ma.uiz.observatoire.repository.AccountRepository.saveAll
16:38:23.383 [INFO]  [Creating]     [34/35] ma.uiz.observatoire.repository.AccountRepository.saveAllAndFlush
16:38:23.383 [INFO]  [Creating]     [35/35] ma.uiz.observatoire.repository.AccountRepository.saveAndFlush
16:38:23.383 [INFO]  [Creating]     [35/35]   E092: Missing embedded database engine
16:38:23.383 [INFO]  [Creating]     [35/35]     No embedded Java database engines were detected.
16:38:23.383 [INFO]  [Creating]     [35/35]     This will prevent Diffblue Cover from writing tests for repository classes.
16:38:23.383 [INFO]  [Creating]     [35/35]     Spring supports HSQL, H2, and Derby.
16:38:23.383 [INFO]  [Creating]     [35/35]     Please add one of these as a dependency to your project.
16:38:23.383 [INFO]  [Creating]     [35/35]     Here are most recent versions of these libraries that are known to be
16:38:23.383 [INFO]  [Creating]     [35/35]     compatible with Diffblue Cover:
16:38:23.383 [INFO]  [Creating]     [35/35]       org.hsqldb:hsqldb:2.6.1
16:38:23.383 [INFO]  [Creating]     [35/35]       com.h2database:h2:2.1.210
16:38:23.383 [INFO]  [Creating]     [35/35]       org.apache.derby:derby:10.14.2.0
16:38:23.383 [INFO]  [Creating]     [35/35]     Alternatively, if you are not interested in testing repository classes,
16:38:23.383 [INFO]  [Creating]     [35/35]     they can be excluded using the --exclude option.
16:38:23.393 [INFO]  [Creating] [1/1] ma.uiz.observatoire.repository.AccountRepository
16:38:23.393 [INFO]  [Creating] [1/1]   Tests created: 0
16:38:23.401 [INFO]  [Reporting] 
16:38:23.402 [INFO]  [Reporting] Summary:
16:38:23.403 [INFO]  [Reporting] --------
16:38:23.403 [INFO]  [Reporting] Total:                                              35 methods
16:38:23.404 [INFO]  [Reporting] 
16:38:23.404 [INFO]  [Reporting] No tests created for:                               35 methods
16:38:23.405 [INFO]  [Reporting]    35 E092: Missing embedded database engine
16:38:29.853 [INFO]  [Reporting] 
16:38:29.854 [INFO]  [Reporting] Log file: C:\Users\eloma\IdeaProjects\ObservatoireUIZ\.diffblue\log\user-20231119T163734.log
16:38:29.854 [INFO]  [Reporting] Finished in 53s
